{"meta": {"format": 3, "version": "7.13.1", "timestamp": "2025-12-30T01:48:13.684295", "branch_coverage": true, "show_contexts": false}, "files": {"apps\\analysis_api\\src\\gravity_tech\\analysis\\__init__.py": {"executed_lines": [], "summary": {"covered_lines": 0, "num_statements": 0, "percent_covered": 100.0, "percent_covered_display": "100", "missing_lines": 0, "excluded_lines": 0, "percent_statements_covered": 100.0, "percent_statements_covered_display": "100", "num_branches": 0, "num_partial_branches": 0, "covered_branches": 0, "missing_branches": 0, "percent_branches_covered": 100.0, "percent_branches_covered_display": "100"}, "missing_lines": [], "excluded_lines": [], "executed_branches": [], "missing_branches": [], "functions": {"": {"executed_lines": [], "summary": {"covered_lines": 0, "num_statements": 0, "percent_covered": 100.0, "percent_covered_display": "100", "missing_lines": 0, "excluded_lines": 0, "percent_statements_covered": 100.0, "percent_statements_covered_display": "100", "num_branches": 0, "num_partial_branches": 0, "covered_branches": 0, "missing_branches": 0, "percent_branches_covered": 100.0, "percent_branches_covered_display": "100"}, "missing_lines": [], "excluded_lines": [], "start_line": 1, "executed_branches": [], "missing_branches": []}}, "classes": {"": {"executed_lines": [], "summary": {"covered_lines": 0, "num_statements": 0, "percent_covered": 100.0, "percent_covered_display": "100", "missing_lines": 0, "excluded_lines": 0, "percent_statements_covered": 100.0, "percent_statements_covered_display": "100", "num_branches": 0, "num_partial_branches": 0, "covered_branches": 0, "missing_branches": 0, "percent_branches_covered": 100.0, "percent_branches_covered_display": "100"}, "missing_lines": [], "excluded_lines": [], "start_line": 1, "executed_branches": [], "missing_branches": []}}}, "apps\\analysis_api\\src\\gravity_tech\\analysis\\fibonacci_tools.py": {"executed_lines": [], "summary": {"covered_lines": 0, "num_statements": 176, "percent_covered": 0.0, "percent_covered_display": "0", "missing_lines": 176, "excluded_lines": 0, "percent_statements_covered": 0.0, "percent_statements_covered_display": "0", "num_branches": 78, "num_partial_branches": 0, "covered_branches": 0, "missing_branches": 78, "percent_branches_covered": 0.0, "percent_branches_covered_display": "0"}, "missing_lines": [17, 18, 19, 20, 21, 23, 24, 26, 29, 30, 39, 48, 50, 64, 65, 67, 68, 70, 71, 72, 74, 82, 84, 86, 101, 102, 104, 105, 107, 108, 110, 111, 112, 114, 115, 117, 125, 127, 129, 148, 149, 151, 152, 155, 157, 159, 161, 162, 166, 168, 176, 178, 180, 199, 200, 202, 203, 206, 207, 209, 211, 213, 214, 218, 220, 228, 230, 232, 251, 252, 254, 255, 257, 258, 259, 261, 269, 271, 273, 290, 291, 293, 295, 298, 300, 303, 304, 305, 307, 308, 309, 311, 312, 313, 315, 316, 317, 320, 321, 322, 324, 325, 328, 331, 334, 335, 337, 338, 340, 351, 365, 366, 367, 370, 372, 374, 376, 382, 384, 385, 389, 390, 392, 394, 407, 408, 410, 411, 414, 420, 423, 424, 427, 433, 442, 443, 445, 447, 460, 461, 464, 465, 467, 468, 469, 471, 473, 484, 485, 488, 491, 492, 494, 495, 498, 499, 502, 504, 506, 519, 520, 523, 524, 526, 527, 529, 530, 532, 535, 540, 541, 542, 543, 544, 545, 547], "excluded_lines": [], "executed_branches": [], "missing_branches": [[64, 65], [64, 67], [70, 71], [70, 84], [101, 102], [101, 104], [104, 105], [104, 107], [110, 111], [110, 127], [111, 112], [111, 114], [148, 149], [148, 151], [159, 161], [159, 178], [199, 200], [199, 202], [206, 207], [206, 209], [211, 213], [211, 230], [251, 252], [251, 254], [257, 258], [257, 271], [290, 291], [290, 293], [303, 304], [303, 311], [307, 303], [307, 308], [311, 312], [311, 320], [315, 311], [315, 316], [320, 321], [320, 328], [365, 366], [365, 370], [374, 376], [374, 392], [382, 374], [382, 384], [389, 374], [389, 390], [410, 411], [410, 445], [414, 420], [414, 427], [423, 424], [423, 427], [427, 410], [427, 433], [442, 410], [442, 443], [460, 461], [460, 464], [467, 468], [467, 471], [468, 467], [468, 469], [484, 485], [484, 488], [494, 495], [494, 502], [495, 494], [495, 498], [519, 520], [519, 523], [526, 527], [526, 529], [540, 541], [540, 542], [542, 543], [542, 544], [544, 545], [544, 547]], "functions": {"FibonacciTools.calculate_retracements": {"executed_lines": [], "summary": {"covered_lines": 0, "num_statements": 10, "percent_covered": 0.0, "percent_covered_display": "0", "missing_lines": 10, "excluded_lines": 0, "percent_statements_covered": 0.0, "percent_statements_covered_display": "0", "num_branches": 4, "num_partial_branches": 0, "covered_branches": 0, "missing_branches": 4, "percent_branches_covered": 0.0, "percent_branches_covered_display": "0"}, "missing_lines": [64, 65, 67, 68, 70, 71, 72, 74, 82, 84], "excluded_lines": [], "start_line": 50, "executed_branches": [], "missing_branches": [[64, 65], [64, 67], [70, 71], [70, 84]]}, "FibonacciTools.calculate_extensions": {"executed_lines": [], "summary": {"covered_lines": 0, "num_statements": 14, "percent_covered": 0.0, "percent_covered_display": "0", "missing_lines": 14, "excluded_lines": 0, "percent_statements_covered": 0.0, "percent_statements_covered_display": "0", "num_branches": 8, "num_partial_branches": 0, "covered_branches": 0, "missing_branches": 8, "percent_branches_covered": 0.0, "percent_branches_covered_display": "0"}, "missing_lines": [101, 102, 104, 105, 107, 108, 110, 111, 112, 114, 115, 117, 125, 127], "excluded_lines": [], "start_line": 86, "executed_branches": [], "missing_branches": [[101, 102], [101, 104], [104, 105], [104, 107], [110, 111], [110, 127], [111, 112], [111, 114]]}, "FibonacciTools.calculate_arcs": {"executed_lines": [], "summary": {"covered_lines": 0, "num_statements": 13, "percent_covered": 0.0, "percent_covered_display": "0", "missing_lines": 13, "excluded_lines": 0, "percent_statements_covered": 0.0, "percent_statements_covered_display": "0", "num_branches": 4, "num_partial_branches": 0, "covered_branches": 0, "missing_branches": 4, "percent_branches_covered": 0.0, "percent_branches_covered_display": "0"}, "missing_lines": [148, 149, 151, 152, 155, 157, 159, 161, 162, 166, 168, 176, 178], "excluded_lines": [], "start_line": 129, "executed_branches": [], "missing_branches": [[148, 149], [148, 151], [159, 161], [159, 178]]}, "FibonacciTools.calculate_fans": {"executed_lines": [], "summary": {"covered_lines": 0, "num_statements": 14, "percent_covered": 0.0, "percent_covered_display": "0", "missing_lines": 14, "excluded_lines": 0, "percent_statements_covered": 0.0, "percent_statements_covered_display": "0", "num_branches": 6, "num_partial_branches": 0, "covered_branches": 0, "missing_branches": 6, "percent_branches_covered": 0.0, "percent_branches_covered_display": "0"}, "missing_lines": [199, 200, 202, 203, 206, 207, 209, 211, 213, 214, 218, 220, 228, 230], "excluded_lines": [], "start_line": 180, "executed_branches": [], "missing_branches": [[199, 200], [199, 202], [206, 207], [206, 209], [211, 213], [211, 230]]}, "FibonacciTools.calculate_projections": {"executed_lines": [], "summary": {"covered_lines": 0, "num_statements": 10, "percent_covered": 0.0, "percent_covered_display": "0", "missing_lines": 10, "excluded_lines": 0, "percent_statements_covered": 0.0, "percent_statements_covered_display": "0", "num_branches": 4, "num_partial_branches": 0, "covered_branches": 0, "missing_branches": 4, "percent_branches_covered": 0.0, "percent_branches_covered_display": "0"}, "missing_lines": [251, 252, 254, 255, 257, 258, 259, 261, 269, 271], "excluded_lines": [], "start_line": 232, "executed_branches": [], "missing_branches": [[251, 252], [251, 254], [257, 258], [257, 271]]}, "FibonacciTools.find_fibonacci_levels": {"executed_lines": [], "summary": {"covered_lines": 0, "num_statements": 30, "percent_covered": 0.0, "percent_covered_display": "0", "missing_lines": 30, "excluded_lines": 0, "percent_statements_covered": 0.0, "percent_statements_covered_display": "0", "num_branches": 12, "num_partial_branches": 0, "covered_branches": 0, "missing_branches": 12, "percent_branches_covered": 0.0, "percent_branches_covered_display": "0"}, "missing_lines": [290, 291, 293, 295, 298, 300, 303, 304, 305, 307, 308, 309, 311, 312, 313, 315, 316, 317, 320, 321, 322, 324, 325, 328, 331, 334, 335, 337, 338, 340], "excluded_lines": [], "start_line": 273, "executed_branches": [], "missing_branches": [[290, 291], [290, 293], [303, 304], [303, 311], [307, 303], [307, 308], [311, 312], [311, 320], [315, 311], [315, 316], [320, 321], [320, 328]]}, "FibonacciTools.analyze_fibonacci_confluence": {"executed_lines": [], "summary": {"covered_lines": 0, "num_statements": 13, "percent_covered": 0.0, "percent_covered_display": "0", "missing_lines": 13, "excluded_lines": 0, "percent_statements_covered": 0.0, "percent_statements_covered_display": "0", "num_branches": 8, "num_partial_branches": 0, "covered_branches": 0, "missing_branches": 8, "percent_branches_covered": 0.0, "percent_branches_covered_display": "0"}, "missing_lines": [365, 366, 367, 370, 372, 374, 376, 382, 384, 385, 389, 390, 392], "excluded_lines": [], "start_line": 351, "executed_branches": [], "missing_branches": [[365, 366], [365, 370], [374, 376], [374, 392], [382, 374], [382, 384], [389, 374], [389, 390]]}, "FibonacciTools._find_swings": {"executed_lines": [], "summary": {"covered_lines": 0, "num_statements": 13, "percent_covered": 0.0, "percent_covered_display": "0", "missing_lines": 13, "excluded_lines": 0, "percent_statements_covered": 0.0, "percent_statements_covered_display": "0", "num_branches": 10, "num_partial_branches": 0, "covered_branches": 0, "missing_branches": 10, "percent_branches_covered": 0.0, "percent_branches_covered_display": "0"}, "missing_lines": [407, 408, 410, 411, 414, 420, 423, 424, 427, 433, 442, 443, 445], "excluded_lines": [], "start_line": 394, "executed_branches": [], "missing_branches": [[410, 411], [410, 445], [414, 420], [414, 427], [423, 424], [423, 427], [427, 410], [427, 433], [442, 410], [442, 443]]}, "FibonacciTools._remove_duplicate_levels": {"executed_lines": [], "summary": {"covered_lines": 0, "num_statements": 8, "percent_covered": 0.0, "percent_covered_display": "0", "missing_lines": 8, "excluded_lines": 0, "percent_statements_covered": 0.0, "percent_statements_covered_display": "0", "num_branches": 6, "num_partial_branches": 0, "covered_branches": 0, "missing_branches": 6, "percent_branches_covered": 0.0, "percent_branches_covered_display": "0"}, "missing_lines": [460, 461, 464, 465, 467, 468, 469, 471], "excluded_lines": [], "start_line": 447, "executed_branches": [], "missing_branches": [[460, 461], [460, 464], [467, 468], [467, 471], [468, 467], [468, 469]]}, "FibonacciTools._calculate_confidence": {"executed_lines": [], "summary": {"covered_lines": 0, "num_statements": 11, "percent_covered": 0.0, "percent_covered_display": "0", "missing_lines": 11, "excluded_lines": 0, "percent_statements_covered": 0.0, "percent_statements_covered_display": "0", "num_branches": 6, "num_partial_branches": 0, "covered_branches": 0, "missing_branches": 6, "percent_branches_covered": 0.0, "percent_branches_covered_display": "0"}, "missing_lines": [484, 485, 488, 491, 492, 494, 495, 498, 499, 502, 504], "excluded_lines": [], "start_line": 473, "executed_branches": [], "missing_branches": [[484, 485], [484, 488], [494, 495], [494, 502], [495, 494], [495, 498]]}, "FibonacciTools._determine_signal": {"executed_lines": [], "summary": {"covered_lines": 0, "num_statements": 17, "percent_covered": 0.0, "percent_covered_display": "0", "missing_lines": 17, "excluded_lines": 0, "percent_statements_covered": 0.0, "percent_statements_covered_display": "0", "num_branches": 10, "num_partial_branches": 0, "covered_branches": 0, "missing_branches": 10, "percent_branches_covered": 0.0, "percent_branches_covered_display": "0"}, "missing_lines": [519, 520, 523, 524, 526, 527, 529, 530, 532, 535, 540, 541, 542, 543, 544, 545, 547], "excluded_lines": [], "start_line": 506, "executed_branches": [], "missing_branches": [[519, 520], [519, 523], [526, 527], [526, 529], [540, 541], [540, 542], [542, 543], [542, 544], [544, 545], [544, 547]]}, "": {"executed_lines": [], "summary": {"covered_lines": 0, "num_statements": 23, "percent_covered": 0.0, "percent_covered_display": "0", "missing_lines": 23, "excluded_lines": 0, "percent_statements_covered": 0.0, "percent_statements_covered_display": "0", "num_branches": 0, "num_partial_branches": 0, "covered_branches": 0, "missing_branches": 0, "percent_branches_covered": 100.0, "percent_branches_covered_display": "100"}, "missing_lines": [17, 18, 19, 20, 21, 23, 24, 26, 29, 30, 39, 48, 50, 86, 129, 180, 232, 273, 351, 394, 447, 473, 506], "excluded_lines": [], "start_line": 1, "executed_branches": [], "missing_branches": []}}, "classes": {"FibonacciTools": {"executed_lines": [], "summary": {"covered_lines": 0, "num_statements": 153, "percent_covered": 0.0, "percent_covered_display": "0", "missing_lines": 153, "excluded_lines": 0, "percent_statements_covered": 0.0, "percent_statements_covered_display": "0", "num_branches": 78, "num_partial_branches": 0, "covered_branches": 0, "missing_branches": 78, "percent_branches_covered": 0.0, "percent_branches_covered_display": "0"}, "missing_lines": [64, 65, 67, 68, 70, 71, 72, 74, 82, 84, 101, 102, 104, 105, 107, 108, 110, 111, 112, 114, 115, 117, 125, 127, 148, 149, 151, 152, 155, 157, 159, 161, 162, 166, 168, 176, 178, 199, 200, 202, 203, 206, 207, 209, 211, 213, 214, 218, 220, 228, 230, 251, 252, 254, 255, 257, 258, 259, 261, 269, 271, 290, 291, 293, 295, 298, 300, 303, 304, 305, 307, 308, 309, 311, 312, 313, 315, 316, 317, 320, 321, 322, 324, 325, 328, 331, 334, 335, 337, 338, 340, 365, 366, 367, 370, 372, 374, 376, 382, 384, 385, 389, 390, 392, 407, 408, 410, 411, 414, 420, 423, 424, 427, 433, 442, 443, 445, 460, 461, 464, 465, 467, 468, 469, 471, 484, 485, 488, 491, 492, 494, 495, 498, 499, 502, 504, 519, 520, 523, 524, 526, 527, 529, 530, 532, 535, 540, 541, 542, 543, 544, 545, 547], "excluded_lines": [], "start_line": 30, "executed_branches": [], "missing_branches": [[64, 65], [64, 67], [70, 71], [70, 84], [101, 102], [101, 104], [104, 105], [104, 107], [110, 111], [110, 127], [111, 112], [111, 114], [148, 149], [148, 151], [159, 161], [159, 178], [199, 200], [199, 202], [206, 207], [206, 209], [211, 213], [211, 230], [251, 252], [251, 254], [257, 258], [257, 271], [290, 291], [290, 293], [303, 304], [303, 311], [307, 303], [307, 308], [311, 312], [311, 320], [315, 311], [315, 316], [320, 321], [320, 328], [365, 366], [365, 370], [374, 376], [374, 392], [382, 374], [382, 384], [389, 374], [389, 390], [410, 411], [410, 445], [414, 420], [414, 427], [423, 424], [423, 427], [427, 410], [427, 433], [442, 410], [442, 443], [460, 461], [460, 464], [467, 468], [467, 471], [468, 467], [468, 469], [484, 485], [484, 488], [494, 495], [494, 502], [495, 494], [495, 498], [519, 520], [519, 523], [526, 527], [526, 529], [540, 541], [540, 542], [542, 543], [542, 544], [544, 545], [544, 547]]}, "": {"executed_lines": [], "summary": {"covered_lines": 0, "num_statements": 23, "percent_covered": 0.0, "percent_covered_display": "0", "missing_lines": 23, "excluded_lines": 0, "percent_statements_covered": 0.0, "percent_statements_covered_display": "0", "num_branches": 0, "num_partial_branches": 0, "covered_branches": 0, "missing_branches": 0, "percent_branches_covered": 100.0, "percent_branches_covered_display": "100"}, "missing_lines": [17, 18, 19, 20, 21, 23, 24, 26, 29, 30, 39, 48, 50, 86, 129, 180, 232, 273, 351, 394, 447, 473, 506], "excluded_lines": [], "start_line": 1, "executed_branches": [], "missing_branches": []}}}, "apps\\analysis_api\\src\\gravity_tech\\analysis\\market_phase.py": {"executed_lines": [], "summary": {"covered_lines": 0, "num_statements": 214, "percent_covered": 0.0, "percent_covered_display": "0", "missing_lines": 214, "excluded_lines": 0, "percent_statements_covered": 0.0, "percent_statements_covered_display": "0", "num_branches": 116, "num_partial_branches": 0, "covered_branches": 0, "missing_branches": 116, "percent_branches_covered": 0.0, "percent_branches_covered_display": "0"}, "missing_lines": [24, 25, 27, 29, 30, 31, 32, 35, 38, 39, 40, 41, 42, 45, 48, 49, 50, 51, 52, 55, 58, 59, 60, 61, 63, 64, 76, 77, 80, 81, 84, 85, 87, 88, 90, 91, 94, 95, 98, 100, 101, 103, 106, 110, 113, 117, 118, 119, 120, 121, 122, 123, 124, 126, 128, 130, 138, 139, 151, 152, 154, 155, 157, 160, 161, 163, 164, 165, 166, 167, 169, 170, 173, 174, 175, 183, 193, 194, 205, 206, 207, 208, 210, 211, 213, 214, 215, 216, 217, 218, 223, 225, 235, 236, 239, 240, 241, 244, 245, 247, 248, 250, 251, 254, 262, 263, 264, 265, 266, 267, 270, 271, 272, 273, 274, 276, 279, 282, 283, 284, 285, 286, 287, 288, 289, 290, 291, 294, 295, 297, 299, 300, 302, 305, 308, 309, 316, 321, 323, 324, 325, 326, 328, 335, 340, 342, 343, 344, 345, 347, 355, 361, 362, 363, 364, 367, 372, 374, 381, 387, 388, 389, 390, 393, 398, 400, 403, 427, 429, 439, 442, 451, 453, 463, 467, 469, 470, 471, 472, 473, 474, 476, 477, 478, 479, 480, 481, 482, 483, 485, 486, 487, 488, 489, 490, 492, 493, 494, 495, 496, 497, 500, 501, 502, 505, 506, 507, 508, 509, 510, 512, 515, 525, 526], "excluded_lines": [], "executed_branches": [], "missing_branches": [[76, 77], [76, 80], [88, 90], [88, 98], [90, 91], [90, 94], [94, 88], [94, 95], [98, 100], [98, 128], [117, 118], [117, 119], [119, 120], [119, 121], [121, 122], [121, 123], [123, 124], [123, 126], [151, 152], [151, 154], [163, 164], [163, 169], [164, 165], [164, 166], [166, 163], [166, 167], [205, 206], [205, 207], [207, 208], [207, 210], [214, 215], [214, 223], [215, 214], [215, 216], [235, 236], [235, 239], [262, 263], [262, 264], [264, 265], [264, 266], [266, 267], [266, 270], [270, 271], [270, 282], [271, 272], [271, 273], [273, 274], [273, 276], [276, 279], [276, 282], [282, 283], [282, 294], [284, 285], [284, 286], [286, 287], [286, 288], [288, 289], [288, 290], [290, 291], [290, 294], [294, 295], [294, 297], [299, 300], [299, 302], [316, 321], [316, 335], [323, 324], [323, 325], [325, 326], [325, 328], [335, 340], [335, 355], [342, 343], [342, 344], [344, 345], [344, 347], [355, 361], [355, 381], [361, 362], [361, 403], [363, 364], [363, 403], [367, 372], [367, 374], [381, 387], [381, 403], [387, 388], [387, 403], [389, 390], [389, 403], [393, 398], [393, 400], [469, 470], [469, 476], [473, 474], [473, 505], [476, 477], [476, 485], [480, 481], [480, 482], [482, 483], [482, 505], [485, 486], [485, 492], [489, 490], [489, 505], [492, 493], [492, 500], [496, 497], [496, 505], [505, 506], [505, 512], [507, 508], [507, 509], [509, 510], [509, 512]], "functions": {"MarketPhaseAnalysis.__init__": {"executed_lines": [], "summary": {"covered_lines": 0, "num_statements": 3, "percent_covered": 0.0, "percent_covered_display": "0", "missing_lines": 3, "excluded_lines": 0, "percent_statements_covered": 0.0, "percent_statements_covered_display": "0", "num_branches": 0, "num_partial_branches": 0, "covered_branches": 0, "missing_branches": 0, "percent_branches_covered": 100.0, "percent_branches_covered_display": "100"}, "missing_lines": [59, 60, 61], "excluded_lines": [], "start_line": 58, "executed_branches": [], "missing_branches": []}, "MarketPhaseAnalysis.identify_trend_structure": {"executed_lines": [], "summary": {"covered_lines": 0, "num_statements": 30, "percent_covered": 0.0, "percent_covered_display": "0", "missing_lines": 30, "excluded_lines": 0, "percent_statements_covered": 0.0, "percent_statements_covered_display": "0", "num_branches": 18, "num_partial_branches": 0, "covered_branches": 0, "missing_branches": 18, "percent_branches_covered": 0.0, "percent_branches_covered_display": "0"}, "missing_lines": [76, 77, 80, 81, 84, 85, 87, 88, 90, 91, 94, 95, 98, 100, 101, 103, 106, 110, 113, 117, 118, 119, 120, 121, 122, 123, 124, 126, 128, 130], "excluded_lines": [], "start_line": 64, "executed_branches": [], "missing_branches": [[76, 77], [76, 80], [88, 90], [88, 98], [90, 91], [90, 94], [94, 88], [94, 95], [98, 100], [98, 128], [117, 118], [117, 119], [119, 120], [119, 121], [121, 122], [121, 123], [123, 124], [123, 126]]}, "MarketPhaseAnalysis.analyze_volume_behavior": {"executed_lines": [], "summary": {"covered_lines": 0, "num_statements": 18, "percent_covered": 0.0, "percent_covered_display": "0", "missing_lines": 18, "excluded_lines": 0, "percent_statements_covered": 0.0, "percent_statements_covered_display": "0", "num_branches": 8, "num_partial_branches": 0, "covered_branches": 0, "missing_branches": 8, "percent_branches_covered": 0.0, "percent_branches_covered_display": "0"}, "missing_lines": [151, 152, 154, 155, 157, 160, 161, 163, 164, 165, 166, 167, 169, 170, 173, 174, 175, 183], "excluded_lines": [], "start_line": 139, "executed_branches": [], "missing_branches": [[151, 152], [151, 154], [163, 164], [163, 169], [164, 165], [164, 166], [166, 163], [166, 167]]}, "MarketPhaseAnalysis.calculate_price_momentum": {"executed_lines": [], "summary": {"covered_lines": 0, "num_statements": 13, "percent_covered": 0.0, "percent_covered_display": "0", "missing_lines": 13, "excluded_lines": 0, "percent_statements_covered": 0.0, "percent_statements_covered_display": "0", "num_branches": 8, "num_partial_branches": 0, "covered_branches": 0, "missing_branches": 8, "percent_branches_covered": 0.0, "percent_branches_covered_display": "0"}, "missing_lines": [205, 206, 207, 208, 210, 211, 213, 214, 215, 216, 217, 218, 223], "excluded_lines": [], "start_line": 194, "executed_branches": [], "missing_branches": [[205, 206], [205, 207], [207, 208], [207, 210], [214, 215], [214, 223], [215, 214], [215, 216]]}, "MarketPhaseAnalysis.identify_phase": {"executed_lines": [], "summary": {"covered_lines": 0, "num_statements": 76, "percent_covered": 0.0, "percent_covered_display": "0", "missing_lines": 76, "excluded_lines": 0, "percent_statements_covered": 0.0, "percent_statements_covered_display": "0", "num_branches": 58, "num_partial_branches": 0, "covered_branches": 0, "missing_branches": 58, "percent_branches_covered": 0.0, "percent_branches_covered_display": "0"}, "missing_lines": [235, 236, 239, 240, 241, 244, 245, 247, 248, 250, 251, 254, 262, 263, 264, 265, 266, 267, 270, 271, 272, 273, 274, 276, 279, 282, 283, 284, 285, 286, 287, 288, 289, 290, 291, 294, 295, 297, 299, 300, 302, 305, 308, 309, 316, 321, 323, 324, 325, 326, 328, 335, 340, 342, 343, 344, 345, 347, 355, 361, 362, 363, 364, 367, 372, 374, 381, 387, 388, 389, 390, 393, 398, 400, 403, 427], "excluded_lines": [], "start_line": 225, "executed_branches": [], "missing_branches": [[235, 236], [235, 239], [262, 263], [262, 264], [264, 265], [264, 266], [266, 267], [266, 270], [270, 271], [270, 282], [271, 272], [271, 273], [273, 274], [273, 276], [276, 279], [276, 282], [282, 283], [282, 294], [284, 285], [284, 286], [286, 287], [286, 288], [288, 289], [288, 290], [290, 291], [290, 294], [294, 295], [294, 297], [299, 300], [299, 302], [316, 321], [316, 335], [323, 324], [323, 325], [325, 326], [325, 328], [335, 340], [335, 355], [342, 343], [342, 344], [344, 345], [344, 347], [355, 361], [355, 381], [361, 362], [361, 403], [363, 364], [363, 403], [367, 372], [367, 374], [381, 387], [381, 403], [387, 388], [387, 403], [389, 390], [389, 403], [393, 398], [393, 400]]}, "MarketPhaseAnalysis.generate_analysis_report": {"executed_lines": [], "summary": {"covered_lines": 0, "num_statements": 4, "percent_covered": 0.0, "percent_covered_display": "0", "missing_lines": 4, "excluded_lines": 0, "percent_statements_covered": 0.0, "percent_statements_covered_display": "0", "num_branches": 0, "num_partial_branches": 0, "covered_branches": 0, "missing_branches": 0, "percent_branches_covered": 100.0, "percent_branches_covered_display": "100"}, "missing_lines": [439, 442, 451, 453], "excluded_lines": [], "start_line": 429, "executed_branches": [], "missing_branches": []}, "MarketPhaseAnalysis._generate_recommendations": {"executed_lines": [], "summary": {"covered_lines": 0, "num_statements": 37, "percent_covered": 0.0, "percent_covered_display": "0", "missing_lines": 37, "excluded_lines": 0, "percent_statements_covered": 0.0, "percent_statements_covered_display": "0", "num_branches": 24, "num_partial_branches": 0, "covered_branches": 0, "missing_branches": 24, "percent_branches_covered": 0.0, "percent_branches_covered_display": "0"}, "missing_lines": [467, 469, 470, 471, 472, 473, 474, 476, 477, 478, 479, 480, 481, 482, 483, 485, 486, 487, 488, 489, 490, 492, 493, 494, 495, 496, 497, 500, 501, 502, 505, 506, 507, 508, 509, 510, 512], "excluded_lines": [], "start_line": 463, "executed_branches": [], "missing_branches": [[469, 470], [469, 476], [473, 474], [473, 505], [476, 477], [476, 485], [480, 481], [480, 482], [482, 483], [482, 505], [485, 486], [485, 492], [489, 490], [489, 505], [492, 493], [492, 500], [496, 497], [496, 505], [505, 506], [505, 512], [507, 508], [507, 509], [509, 510], [509, 512]]}, "analyze_market_phase": {"executed_lines": [], "summary": {"covered_lines": 0, "num_statements": 2, "percent_covered": 0.0, "percent_covered_display": "0", "missing_lines": 2, "excluded_lines": 0, "percent_statements_covered": 0.0, "percent_statements_covered_display": "0", "num_branches": 0, "num_partial_branches": 0, "covered_branches": 0, "missing_branches": 0, "percent_branches_covered": 100.0, "percent_branches_covered_display": "100"}, "missing_lines": [525, 526], "excluded_lines": [], "start_line": 515, "executed_branches": [], "missing_branches": []}, "": {"executed_lines": [], "summary": {"covered_lines": 0, "num_statements": 31, "percent_covered": 0.0, "percent_covered_display": "0", "missing_lines": 31, "excluded_lines": 0, "percent_statements_covered": 0.0, "percent_statements_covered_display": "0", "num_branches": 0, "num_partial_branches": 0, "covered_branches": 0, "missing_branches": 0, "percent_branches_covered": 100.0, "percent_branches_covered_display": "100"}, "missing_lines": [24, 25, 27, 29, 30, 31, 32, 35, 38, 39, 40, 41, 42, 45, 48, 49, 50, 51, 52, 55, 58, 63, 64, 138, 139, 193, 194, 225, 429, 463, 515], "excluded_lines": [], "start_line": 1, "executed_branches": [], "missing_branches": []}}, "classes": {"MarketPhase": {"executed_lines": [], "summary": {"covered_lines": 0, "num_statements": 0, "percent_covered": 100.0, "percent_covered_display": "100", "missing_lines": 0, "excluded_lines": 0, "percent_statements_covered": 100.0, "percent_statements_covered_display": "100", "num_branches": 0, "num_partial_branches": 0, "covered_branches": 0, "missing_branches": 0, "percent_branches_covered": 100.0, "percent_branches_covered_display": "100"}, "missing_lines": [], "excluded_lines": [], "start_line": 35, "executed_branches": [], "missing_branches": []}, "PhaseStrength": {"executed_lines": [], "summary": {"covered_lines": 0, "num_statements": 0, "percent_covered": 100.0, "percent_covered_display": "100", "missing_lines": 0, "excluded_lines": 0, "percent_statements_covered": 100.0, "percent_statements_covered_display": "100", "num_branches": 0, "num_partial_branches": 0, "covered_branches": 0, "missing_branches": 0, "percent_branches_covered": 100.0, "percent_branches_covered_display": "100"}, "missing_lines": [], "excluded_lines": [], "start_line": 45, "executed_branches": [], "missing_branches": []}, "MarketPhaseAnalysis": {"executed_lines": [], "summary": {"covered_lines": 0, "num_statements": 181, "percent_covered": 0.0, "percent_covered_display": "0", "missing_lines": 181, "excluded_lines": 0, "percent_statements_covered": 0.0, "percent_statements_covered_display": "0", "num_branches": 116, "num_partial_branches": 0, "covered_branches": 0, "missing_branches": 116, "percent_branches_covered": 0.0, "percent_branches_covered_display": "0"}, "missing_lines": [59, 60, 61, 76, 77, 80, 81, 84, 85, 87, 88, 90, 91, 94, 95, 98, 100, 101, 103, 106, 110, 113, 117, 118, 119, 120, 121, 122, 123, 124, 126, 128, 130, 151, 152, 154, 155, 157, 160, 161, 163, 164, 165, 166, 167, 169, 170, 173, 174, 175, 183, 205, 206, 207, 208, 210, 211, 213, 214, 215, 216, 217, 218, 223, 235, 236, 239, 240, 241, 244, 245, 247, 248, 250, 251, 254, 262, 263, 264, 265, 266, 267, 270, 271, 272, 273, 274, 276, 279, 282, 283, 284, 285, 286, 287, 288, 289, 290, 291, 294, 295, 297, 299, 300, 302, 305, 308, 309, 316, 321, 323, 324, 325, 326, 328, 335, 340, 342, 343, 344, 345, 347, 355, 361, 362, 363, 364, 367, 372, 374, 381, 387, 388, 389, 390, 393, 398, 400, 403, 427, 439, 442, 451, 453, 467, 469, 470, 471, 472, 473, 474, 476, 477, 478, 479, 480, 481, 482, 483, 485, 486, 487, 488, 489, 490, 492, 493, 494, 495, 496, 497, 500, 501, 502, 505, 506, 507, 508, 509, 510, 512], "excluded_lines": [], "start_line": 55, "executed_branches": [], "missing_branches": [[76, 77], [76, 80], [88, 90], [88, 98], [90, 91], [90, 94], [94, 88], [94, 95], [98, 100], [98, 128], [117, 118], [117, 119], [119, 120], [119, 121], [121, 122], [121, 123], [123, 124], [123, 126], [151, 152], [151, 154], [163, 164], [163, 169], [164, 165], [164, 166], [166, 163], [166, 167], [205, 206], [205, 207], [207, 208], [207, 210], [214, 215], [214, 223], [215, 214], [215, 216], [235, 236], [235, 239], [262, 263], [262, 264], [264, 265], [264, 266], [266, 267], [266, 270], [270, 271], [270, 282], [271, 272], [271, 273], [273, 274], [273, 276], [276, 279], [276, 282], [282, 283], [282, 294], [284, 285], [284, 286], [286, 287], [286, 288], [288, 289], [288, 290], [290, 291], [290, 294], [294, 295], [294, 297], [299, 300], [299, 302], [316, 321], [316, 335], [323, 324], [323, 325], [325, 326], [325, 328], [335, 340], [335, 355], [342, 343], [342, 344], [344, 345], [344, 347], [355, 361], [355, 381], [361, 362], [361, 403], [363, 364], [363, 403], [367, 372], [367, 374], [381, 387], [381, 403], [387, 388], [387, 403], [389, 390], [389, 403], [393, 398], [393, 400], [469, 470], [469, 476], [473, 474], [473, 505], [476, 477], [476, 485], [480, 481], [480, 482], [482, 483], [482, 505], [485, 486], [485, 492], [489, 490], [489, 505], [492, 493], [492, 500], [496, 497], [496, 505], [505, 506], [505, 512], [507, 508], [507, 509], [509, 510], [509, 512]]}, "": {"executed_lines": [], "summary": {"covered_lines": 0, "num_statements": 33, "percent_covered": 0.0, "percent_covered_display": "0", "missing_lines": 33, "excluded_lines": 0, "percent_statements_covered": 0.0, "percent_statements_covered_display": "0", "num_branches": 0, "num_partial_branches": 0, "covered_branches": 0, "missing_branches": 0, "percent_branches_covered": 100.0, "percent_branches_covered_display": "100"}, "missing_lines": [24, 25, 27, 29, 30, 31, 32, 35, 38, 39, 40, 41, 42, 45, 48, 49, 50, 51, 52, 55, 58, 63, 64, 138, 139, 193, 194, 225, 429, 463, 515, 525, 526], "excluded_lines": [], "start_line": 1, "executed_branches": [], "missing_branches": []}}}, "apps\\analysis_api\\src\\gravity_tech\\analysis\\scenario_analysis.py": {"executed_lines": [], "summary": {"covered_lines": 0, "num_statements": 301, "percent_covered": 0.0, "percent_covered_display": "0", "missing_lines": 301, "excluded_lines": 0, "percent_statements_covered": 0.0, "percent_statements_covered_display": "0", "num_branches": 108, "num_partial_branches": 0, "covered_branches": 0, "missing_branches": 108, "percent_branches_covered": 0.0, "percent_branches_covered_display": "0"}, "missing_lines": [13, 14, 15, 17, 18, 20, 21, 22, 23, 24, 25, 27, 30, 31, 34, 35, 36, 37, 38, 39, 40, 41, 42, 43, 46, 47, 50, 51, 52, 54, 55, 56, 58, 59, 60, 62, 63, 66, 81, 88, 89, 90, 91, 92, 94, 96, 97, 98, 99, 100, 101, 102, 103, 104, 106, 108, 109, 110, 111, 116, 117, 118, 119, 120, 121, 122, 123, 124, 126, 143, 144, 147, 149, 157, 159, 160, 162, 171, 172, 174, 176, 184, 186, 187, 189, 198, 212, 214, 215, 217, 225, 226, 229, 232, 237, 242, 247, 252, 255, 257, 271, 273, 274, 277, 278, 279, 282, 283, 286, 287, 290, 292, 305, 311, 314, 317, 318, 320, 321, 324, 327, 328, 329, 330, 332, 335, 337, 350, 356, 358, 360, 361, 363, 364, 366, 368, 369, 370, 371, 373, 375, 377, 390, 395, 397, 399, 400, 402, 403, 405, 407, 408, 409, 410, 412, 414, 416, 429, 431, 434, 435, 437, 438, 441, 442, 443, 444, 446, 447, 450, 451, 453, 455, 457, 459, 460, 462, 464, 465, 467, 469, 471, 473, 474, 476, 477, 479, 480, 482, 483, 485, 486, 488, 490, 492, 494, 495, 497, 499, 501, 507, 509, 511, 512, 514, 516, 518, 520, 521, 523, 524, 526, 527, 529, 530, 532, 533, 535, 537, 539, 541, 542, 544, 545, 547, 549, 551, 553, 555, 556, 558, 559, 561, 562, 564, 565, 567, 568, 570, 572, 578, 579, 580, 581, 584, 591, 594, 596, 598, 603, 604, 605, 606, 608, 610, 615, 617, 618, 619, 620, 622, 625, 627, 628, 630, 631, 632, 633, 634, 636, 637, 639, 641, 643, 644, 646, 647, 648, 650, 651, 653, 654, 656, 657, 659, 661, 665, 666, 668, 669, 671, 672, 674, 676, 678, 679, 681, 682, 684, 685, 687], "excluded_lines": [], "executed_branches": [], "missing_branches": [[96, 97], [96, 98], [98, 99], [98, 100], [101, 102], [101, 103], [103, -94], [103, 104], [108, 109], [108, 110], [110, 111], [110, 116], [116, 117], [116, 124], [118, 119], [118, 120], [120, 121], [120, 122], [122, 116], [122, 123], [143, 144], [143, 147], [214, 215], [214, 217], [327, 328], [327, 329], [329, 330], [329, 332], [368, 369], [368, 370], [370, 371], [370, 373], [407, 408], [407, 409], [409, 410], [409, 412], [434, 435], [434, 437], [437, 438], [437, 441], [441, 442], [441, 443], [443, 444], [443, 446], [446, 447], [446, 450], [450, 451], [450, 453], [459, 460], [459, 462], [464, 465], [464, 467], [473, 474], [473, 476], [476, 477], [476, 479], [479, 480], [479, 482], [482, 483], [482, 485], [485, 486], [485, 488], [520, 521], [520, 523], [523, 524], [523, 526], [526, 527], [526, 529], [529, 530], [529, 532], [532, 533], [532, 535], [541, 542], [541, 544], [544, 545], [544, 547], [555, 556], [555, 558], [558, 559], [558, 561], [561, 562], [561, 564], [564, 565], [564, 567], [567, 568], [567, 570], [603, 604], [603, 605], [605, 606], [605, 608], [617, 618], [617, 619], [619, 620], [619, 622], [627, 628], [627, 630], [631, 632], [631, 639], [643, 644], [643, 646], [653, 654], [653, 656], [665, 666], [665, 668], [678, 679], [678, 681], [684, 685], [684, 687]], "functions": {"ScenarioAnalyzer.__init__": {"executed_lines": [], "summary": {"covered_lines": 0, "num_statements": 5, "percent_covered": 0.0, "percent_covered_display": "0", "missing_lines": 5, "excluded_lines": 0, "percent_statements_covered": 0.0, "percent_statements_covered_display": "0", "num_branches": 0, "num_partial_branches": 0, "covered_branches": 0, "missing_branches": 0, "percent_branches_covered": 100.0, "percent_branches_covered_display": "100"}, "missing_lines": [88, 89, 90, 91, 92], "excluded_lines": [], "start_line": 81, "executed_branches": [], "missing_branches": []}, "ScenarioAnalyzer._validate_inputs": {"executed_lines": [], "summary": {"covered_lines": 0, "num_statements": 9, "percent_covered": 0.0, "percent_covered_display": "0", "missing_lines": 9, "excluded_lines": 0, "percent_statements_covered": 0.0, "percent_statements_covered_display": "0", "num_branches": 8, "num_partial_branches": 0, "covered_branches": 0, "missing_branches": 8, "percent_branches_covered": 0.0, "percent_branches_covered_display": "0"}, "missing_lines": [96, 97, 98, 99, 100, 101, 102, 103, 104], "excluded_lines": [], "start_line": 94, "executed_branches": [], "missing_branches": [[96, 97], [96, 98], [98, 99], [98, 100], [101, 102], [101, 103], [103, -94], [103, 104]]}, "ScenarioAnalyzer._validate_candles": {"executed_lines": [], "summary": {"covered_lines": 0, "num_statements": 13, "percent_covered": 0.0, "percent_covered_display": "0", "missing_lines": 13, "excluded_lines": 0, "percent_statements_covered": 0.0, "percent_statements_covered_display": "0", "num_branches": 12, "num_partial_branches": 0, "covered_branches": 0, "missing_branches": 12, "percent_branches_covered": 0.0, "percent_branches_covered_display": "0"}, "missing_lines": [108, 109, 110, 111, 116, 117, 118, 119, 120, 121, 122, 123, 124], "excluded_lines": [], "start_line": 106, "executed_branches": [], "missing_branches": [[108, 109], [108, 110], [110, 111], [110, 116], [116, 117], [116, 124], [118, 119], [118, 120], [120, 121], [120, 122], [122, 116], [122, 123]]}, "ScenarioAnalyzer.analyze_from_service": {"executed_lines": [], "summary": {"covered_lines": 0, "num_statements": 13, "percent_covered": 0.0, "percent_covered_display": "0", "missing_lines": 13, "excluded_lines": 0, "percent_statements_covered": 0.0, "percent_statements_covered_display": "0", "num_branches": 2, "num_partial_branches": 0, "covered_branches": 0, "missing_branches": 2, "percent_branches_covered": 0.0, "percent_branches_covered_display": "0"}, "missing_lines": [143, 144, 147, 149, 157, 159, 160, 162, 171, 172, 174, 176, 184], "excluded_lines": [], "start_line": 126, "executed_branches": [], "missing_branches": [[143, 144], [143, 147]]}, "ScenarioAnalyzer._convert_to_candle": {"executed_lines": [], "summary": {"covered_lines": 0, "num_statements": 1, "percent_covered": 0.0, "percent_covered_display": "0", "missing_lines": 1, "excluded_lines": 0, "percent_statements_covered": 0.0, "percent_statements_covered_display": "0", "num_branches": 0, "num_partial_branches": 0, "covered_branches": 0, "missing_branches": 0, "percent_branches_covered": 100.0, "percent_branches_covered_display": "100"}, "missing_lines": [189], "excluded_lines": [], "start_line": 187, "executed_branches": [], "missing_branches": []}, "ScenarioAnalyzer.analyze": {"executed_lines": [], "summary": {"covered_lines": 0, "num_statements": 14, "percent_covered": 0.0, "percent_covered_display": "0", "missing_lines": 14, "excluded_lines": 0, "percent_statements_covered": 0.0, "percent_statements_covered_display": "0", "num_branches": 2, "num_partial_branches": 0, "covered_branches": 0, "missing_branches": 2, "percent_branches_covered": 0.0, "percent_branches_covered_display": "0"}, "missing_lines": [212, 214, 215, 217, 225, 226, 229, 232, 237, 242, 247, 252, 255, 257], "excluded_lines": [], "start_line": 198, "executed_branches": [], "missing_branches": [[214, 215], [214, 217]]}, "ScenarioAnalyzer._base_technical_analysis": {"executed_lines": [], "summary": {"covered_lines": 0, "num_statements": 11, "percent_covered": 0.0, "percent_covered_display": "0", "missing_lines": 11, "excluded_lines": 0, "percent_statements_covered": 0.0, "percent_statements_covered_display": "0", "num_branches": 0, "num_partial_branches": 0, "covered_branches": 0, "missing_branches": 0, "percent_branches_covered": 100.0, "percent_branches_covered_display": "100"}, "missing_lines": [273, 274, 277, 278, 279, 282, 283, 286, 287, 290, 292], "excluded_lines": [], "start_line": 271, "executed_branches": [], "missing_branches": []}, "ScenarioAnalyzer._analyze_optimistic_scenario": {"executed_lines": [], "summary": {"covered_lines": 0, "num_statements": 14, "percent_covered": 0.0, "percent_covered_display": "0", "missing_lines": 14, "excluded_lines": 0, "percent_statements_covered": 0.0, "percent_statements_covered_display": "0", "num_branches": 4, "num_partial_branches": 0, "covered_branches": 0, "missing_branches": 4, "percent_branches_covered": 0.0, "percent_branches_covered_display": "0"}, "missing_lines": [311, 314, 317, 318, 320, 321, 324, 327, 328, 329, 330, 332, 335, 337], "excluded_lines": [], "start_line": 305, "executed_branches": [], "missing_branches": [[327, 328], [327, 329], [329, 330], [329, 332]]}, "ScenarioAnalyzer._analyze_neutral_scenario": {"executed_lines": [], "summary": {"covered_lines": 0, "num_statements": 14, "percent_covered": 0.0, "percent_covered_display": "0", "missing_lines": 14, "excluded_lines": 0, "percent_statements_covered": 0.0, "percent_statements_covered_display": "0", "num_branches": 4, "num_partial_branches": 0, "covered_branches": 0, "missing_branches": 4, "percent_branches_covered": 0.0, "percent_branches_covered_display": "0"}, "missing_lines": [356, 358, 360, 361, 363, 364, 366, 368, 369, 370, 371, 373, 375, 377], "excluded_lines": [], "start_line": 350, "executed_branches": [], "missing_branches": [[368, 369], [368, 370], [370, 371], [370, 373]]}, "ScenarioAnalyzer._analyze_pessimistic_scenario": {"executed_lines": [], "summary": {"covered_lines": 0, "num_statements": 14, "percent_covered": 0.0, "percent_covered_display": "0", "missing_lines": 14, "excluded_lines": 0, "percent_statements_covered": 0.0, "percent_statements_covered_display": "0", "num_branches": 4, "num_partial_branches": 0, "covered_branches": 0, "missing_branches": 4, "percent_branches_covered": 0.0, "percent_branches_covered_display": "0"}, "missing_lines": [395, 397, 399, 400, 402, 403, 405, 407, 408, 409, 410, 412, 414, 416], "excluded_lines": [], "start_line": 390, "executed_branches": [], "missing_branches": [[407, 408], [407, 409], [409, 410], [409, 412]]}, "ScenarioAnalyzer._calculate_optimistic_score": {"executed_lines": [], "summary": {"covered_lines": 0, "num_statements": 14, "percent_covered": 0.0, "percent_covered_display": "0", "missing_lines": 14, "excluded_lines": 0, "percent_statements_covered": 0.0, "percent_statements_covered_display": "0", "num_branches": 12, "num_partial_branches": 0, "covered_branches": 0, "missing_branches": 12, "percent_branches_covered": 0.0, "percent_branches_covered_display": "0"}, "missing_lines": [431, 434, 435, 437, 438, 441, 442, 443, 444, 446, 447, 450, 451, 453], "excluded_lines": [], "start_line": 429, "executed_branches": [], "missing_branches": [[434, 435], [434, 437], [437, 438], [437, 441], [441, 442], [441, 443], [443, 444], [443, 446], [446, 447], [446, 450], [450, 451], [450, 453]]}, "ScenarioAnalyzer._calculate_neutral_score": {"executed_lines": [], "summary": {"covered_lines": 0, "num_statements": 7, "percent_covered": 0.0, "percent_covered_display": "0", "missing_lines": 7, "excluded_lines": 0, "percent_statements_covered": 0.0, "percent_statements_covered_display": "0", "num_branches": 4, "num_partial_branches": 0, "covered_branches": 0, "missing_branches": 4, "percent_branches_covered": 0.0, "percent_branches_covered_display": "0"}, "missing_lines": [457, 459, 460, 462, 464, 465, 467], "excluded_lines": [], "start_line": 455, "executed_branches": [], "missing_branches": [[459, 460], [459, 462], [464, 465], [464, 467]]}, "ScenarioAnalyzer._calculate_pessimistic_score": {"executed_lines": [], "summary": {"covered_lines": 0, "num_statements": 12, "percent_covered": 0.0, "percent_covered_display": "0", "missing_lines": 12, "excluded_lines": 0, "percent_statements_covered": 0.0, "percent_statements_covered_display": "0", "num_branches": 10, "num_partial_branches": 0, "covered_branches": 0, "missing_branches": 10, "percent_branches_covered": 0.0, "percent_branches_covered_display": "0"}, "missing_lines": [471, 473, 474, 476, 477, 479, 480, 482, 483, 485, 486, 488], "excluded_lines": [], "start_line": 469, "executed_branches": [], "missing_branches": [[473, 474], [473, 476], [476, 477], [476, 479], [479, 480], [479, 482], [482, 483], [482, 485], [485, 486], [485, 488]]}, "ScenarioAnalyzer._calculate_optimistic_probability": {"executed_lines": [], "summary": {"covered_lines": 0, "num_statements": 4, "percent_covered": 0.0, "percent_covered_display": "0", "missing_lines": 4, "excluded_lines": 0, "percent_statements_covered": 0.0, "percent_statements_covered_display": "0", "num_branches": 0, "num_partial_branches": 0, "covered_branches": 0, "missing_branches": 0, "percent_branches_covered": 100.0, "percent_branches_covered_display": "100"}, "missing_lines": [492, 494, 495, 497], "excluded_lines": [], "start_line": 490, "executed_branches": [], "missing_branches": []}, "ScenarioAnalyzer._calculate_neutral_probability": {"executed_lines": [], "summary": {"covered_lines": 0, "num_statements": 1, "percent_covered": 0.0, "percent_covered_display": "0", "missing_lines": 1, "excluded_lines": 0, "percent_statements_covered": 0.0, "percent_statements_covered_display": "0", "num_branches": 0, "num_partial_branches": 0, "covered_branches": 0, "missing_branches": 0, "percent_branches_covered": 100.0, "percent_branches_covered_display": "100"}, "missing_lines": [501], "excluded_lines": [], "start_line": 499, "executed_branches": [], "missing_branches": []}, "ScenarioAnalyzer._calculate_pessimistic_probability": {"executed_lines": [], "summary": {"covered_lines": 0, "num_statements": 4, "percent_covered": 0.0, "percent_covered_display": "0", "missing_lines": 4, "excluded_lines": 0, "percent_statements_covered": 0.0, "percent_statements_covered_display": "0", "num_branches": 0, "num_partial_branches": 0, "covered_branches": 0, "missing_branches": 0, "percent_branches_covered": 100.0, "percent_branches_covered_display": "100"}, "missing_lines": [509, 511, 512, 514], "excluded_lines": [], "start_line": 507, "executed_branches": [], "missing_branches": []}, "ScenarioAnalyzer._identify_bullish_signals": {"executed_lines": [], "summary": {"covered_lines": 0, "num_statements": 12, "percent_covered": 0.0, "percent_covered_display": "0", "missing_lines": 12, "excluded_lines": 0, "percent_statements_covered": 0.0, "percent_statements_covered_display": "0", "num_branches": 10, "num_partial_branches": 0, "covered_branches": 0, "missing_branches": 10, "percent_branches_covered": 0.0, "percent_branches_covered_display": "0"}, "missing_lines": [518, 520, 521, 523, 524, 526, 527, 529, 530, 532, 533, 535], "excluded_lines": [], "start_line": 516, "executed_branches": [], "missing_branches": [[520, 521], [520, 523], [523, 524], [523, 526], [526, 527], [526, 529], [529, 530], [529, 532], [532, 533], [532, 535]]}, "ScenarioAnalyzer._identify_neutral_signals": {"executed_lines": [], "summary": {"covered_lines": 0, "num_statements": 7, "percent_covered": 0.0, "percent_covered_display": "0", "missing_lines": 7, "excluded_lines": 0, "percent_statements_covered": 0.0, "percent_statements_covered_display": "0", "num_branches": 4, "num_partial_branches": 0, "covered_branches": 0, "missing_branches": 4, "percent_branches_covered": 0.0, "percent_branches_covered_display": "0"}, "missing_lines": [539, 541, 542, 544, 545, 547, 549], "excluded_lines": [], "start_line": 537, "executed_branches": [], "missing_branches": [[541, 542], [541, 544], [544, 545], [544, 547]]}, "ScenarioAnalyzer._identify_bearish_signals": {"executed_lines": [], "summary": {"covered_lines": 0, "num_statements": 12, "percent_covered": 0.0, "percent_covered_display": "0", "missing_lines": 12, "excluded_lines": 0, "percent_statements_covered": 0.0, "percent_statements_covered_display": "0", "num_branches": 10, "num_partial_branches": 0, "covered_branches": 0, "missing_branches": 10, "percent_branches_covered": 0.0, "percent_branches_covered_display": "0"}, "missing_lines": [553, 555, 556, 558, 559, 561, 562, 564, 565, 567, 568, 570], "excluded_lines": [], "start_line": 551, "executed_branches": [], "missing_branches": [[555, 556], [555, 558], [558, 559], [558, 561], [561, 562], [561, 564], [564, 565], [564, 567], [567, 568], [567, 570]]}, "ScenarioAnalyzer._calculate_expected_values": {"executed_lines": [], "summary": {"covered_lines": 0, "num_statements": 8, "percent_covered": 0.0, "percent_covered_display": "0", "missing_lines": 8, "excluded_lines": 0, "percent_statements_covered": 0.0, "percent_statements_covered_display": "0", "num_branches": 0, "num_partial_branches": 0, "covered_branches": 0, "missing_branches": 0, "percent_branches_covered": 100.0, "percent_branches_covered_display": "100"}, "missing_lines": [578, 579, 580, 581, 584, 591, 594, 596], "excluded_lines": [], "start_line": 572, "executed_branches": [], "missing_branches": []}, "ScenarioAnalyzer._determine_recommended_scenario": {"executed_lines": [], "summary": {"covered_lines": 0, "num_statements": 5, "percent_covered": 0.0, "percent_covered_display": "0", "missing_lines": 5, "excluded_lines": 0, "percent_statements_covered": 0.0, "percent_statements_covered_display": "0", "num_branches": 4, "num_partial_branches": 0, "covered_branches": 0, "missing_branches": 4, "percent_branches_covered": 0.0, "percent_branches_covered_display": "0"}, "missing_lines": [603, 604, 605, 606, 608], "excluded_lines": [], "start_line": 598, "executed_branches": [], "missing_branches": [[603, 604], [603, 605], [605, 606], [605, 608]]}, "ScenarioAnalyzer._calculate_overall_confidence": {"executed_lines": [], "summary": {"covered_lines": 0, "num_statements": 6, "percent_covered": 0.0, "percent_covered_display": "0", "missing_lines": 6, "excluded_lines": 0, "percent_statements_covered": 0.0, "percent_statements_covered_display": "0", "num_branches": 4, "num_partial_branches": 0, "covered_branches": 0, "missing_branches": 4, "percent_branches_covered": 0.0, "percent_branches_covered_display": "0"}, "missing_lines": [615, 617, 618, 619, 620, 622], "excluded_lines": [], "start_line": 610, "executed_branches": [], "missing_branches": [[617, 618], [617, 619], [619, 620], [619, 622]]}, "ScenarioAnalyzer._calculate_atr": {"executed_lines": [], "summary": {"covered_lines": 0, "num_statements": 10, "percent_covered": 0.0, "percent_covered_display": "0", "missing_lines": 10, "excluded_lines": 0, "percent_statements_covered": 0.0, "percent_statements_covered_display": "0", "num_branches": 4, "num_partial_branches": 0, "covered_branches": 0, "missing_branches": 4, "percent_branches_covered": 0.0, "percent_branches_covered_display": "0"}, "missing_lines": [627, 628, 630, 631, 632, 633, 634, 636, 637, 639], "excluded_lines": [], "start_line": 625, "executed_branches": [], "missing_branches": [[627, 628], [627, 630], [631, 632], [631, 639]]}, "ScenarioAnalyzer._calculate_rsi": {"executed_lines": [], "summary": {"covered_lines": 0, "num_statements": 12, "percent_covered": 0.0, "percent_covered_display": "0", "missing_lines": 12, "excluded_lines": 0, "percent_statements_covered": 0.0, "percent_statements_covered_display": "0", "num_branches": 4, "num_partial_branches": 0, "covered_branches": 0, "missing_branches": 4, "percent_branches_covered": 0.0, "percent_branches_covered_display": "0"}, "missing_lines": [643, 644, 646, 647, 648, 650, 651, 653, 654, 656, 657, 659], "excluded_lines": [], "start_line": 641, "executed_branches": [], "missing_branches": [[643, 644], [643, 646], [653, 654], [653, 656]]}, "ScenarioAnalyzer._calculate_macd": {"executed_lines": [], "summary": {"covered_lines": 0, "num_statements": 7, "percent_covered": 0.0, "percent_covered_display": "0", "missing_lines": 7, "excluded_lines": 0, "percent_statements_covered": 0.0, "percent_statements_covered_display": "0", "num_branches": 2, "num_partial_branches": 0, "covered_branches": 0, "missing_branches": 2, "percent_branches_covered": 0.0, "percent_branches_covered_display": "0"}, "missing_lines": [665, 666, 668, 669, 671, 672, 674], "excluded_lines": [], "start_line": 661, "executed_branches": [], "missing_branches": [[665, 666], [665, 668]]}, "ScenarioAnalyzer._ema": {"executed_lines": [], "summary": {"covered_lines": 0, "num_statements": 7, "percent_covered": 0.0, "percent_covered_display": "0", "missing_lines": 7, "excluded_lines": 0, "percent_statements_covered": 0.0, "percent_statements_covered_display": "0", "num_branches": 4, "num_partial_branches": 0, "covered_branches": 0, "missing_branches": 4, "percent_branches_covered": 0.0, "percent_branches_covered_display": "0"}, "missing_lines": [678, 679, 681, 682, 684, 685, 687], "excluded_lines": [], "start_line": 676, "executed_branches": [], "missing_branches": [[678, 679], [678, 681], [684, 685], [684, 687]]}, "": {"executed_lines": [], "summary": {"covered_lines": 0, "num_statements": 65, "percent_covered": 0.0, "percent_covered_display": "0", "missing_lines": 65, "excluded_lines": 0, "percent_statements_covered": 0.0, "percent_statements_covered_display": "0", "num_branches": 0, "num_partial_branches": 0, "covered_branches": 0, "missing_branches": 0, "percent_branches_covered": 100.0, "percent_branches_covered_display": "100"}, "missing_lines": [13, 14, 15, 17, 18, 20, 21, 22, 23, 24, 25, 27, 30, 31, 34, 35, 36, 37, 38, 39, 40, 41, 42, 43, 46, 47, 50, 51, 52, 54, 55, 56, 58, 59, 60, 62, 63, 66, 81, 94, 106, 126, 186, 187, 198, 271, 305, 350, 390, 429, 455, 469, 490, 499, 507, 516, 537, 551, 572, 598, 610, 625, 641, 661, 676], "excluded_lines": [], "start_line": 1, "executed_branches": [], "missing_branches": []}}, "classes": {"ScenarioResult": {"executed_lines": [], "summary": {"covered_lines": 0, "num_statements": 0, "percent_covered": 100.0, "percent_covered_display": "100", "missing_lines": 0, "excluded_lines": 0, "percent_statements_covered": 100.0, "percent_statements_covered_display": "100", "num_branches": 0, "num_partial_branches": 0, "covered_branches": 0, "missing_branches": 0, "percent_branches_covered": 100.0, "percent_branches_covered_display": "100"}, "missing_lines": [], "excluded_lines": [], "start_line": 31, "executed_branches": [], "missing_branches": []}, "ThreeScenarioAnalysis": {"executed_lines": [], "summary": {"covered_lines": 0, "num_statements": 0, "percent_covered": 100.0, "percent_covered_display": "100", "missing_lines": 0, "excluded_lines": 0, "percent_statements_covered": 100.0, "percent_statements_covered_display": "100", "num_branches": 0, "num_partial_branches": 0, "covered_branches": 0, "missing_branches": 0, "percent_branches_covered": 100.0, "percent_branches_covered_display": "100"}, "missing_lines": [], "excluded_lines": [], "start_line": 47, "executed_branches": [], "missing_branches": []}, "ScenarioAnalyzer": {"executed_lines": [], "summary": {"covered_lines": 0, "num_statements": 236, "percent_covered": 0.0, "percent_covered_display": "0", "missing_lines": 236, "excluded_lines": 0, "percent_statements_covered": 0.0, "percent_statements_covered_display": "0", "num_branches": 108, "num_partial_branches": 0, "covered_branches": 0, "missing_branches": 108, "percent_branches_covered": 0.0, "percent_branches_covered_display": "0"}, "missing_lines": [88, 89, 90, 91, 92, 96, 97, 98, 99, 100, 101, 102, 103, 104, 108, 109, 110, 111, 116, 117, 118, 119, 120, 121, 122, 123, 124, 143, 144, 147, 149, 157, 159, 160, 162, 171, 172, 174, 176, 184, 189, 212, 214, 215, 217, 225, 226, 229, 232, 237, 242, 247, 252, 255, 257, 273, 274, 277, 278, 279, 282, 283, 286, 287, 290, 292, 311, 314, 317, 318, 320, 321, 324, 327, 328, 329, 330, 332, 335, 337, 356, 358, 360, 361, 363, 364, 366, 368, 369, 370, 371, 373, 375, 377, 395, 397, 399, 400, 402, 403, 405, 407, 408, 409, 410, 412, 414, 416, 431, 434, 435, 437, 438, 441, 442, 443, 444, 446, 447, 450, 451, 453, 457, 459, 460, 462, 464, 465, 467, 471, 473, 474, 476, 477, 479, 480, 482, 483, 485, 486, 488, 492, 494, 495, 497, 501, 509, 511, 512, 514, 518, 520, 521, 523, 524, 526, 527, 529, 530, 532, 533, 535, 539, 541, 542, 544, 545, 547, 549, 553, 555, 556, 558, 559, 561, 562, 564, 565, 567, 568, 570, 578, 579, 580, 581, 584, 591, 594, 596, 603, 604, 605, 606, 608, 615, 617, 618, 619, 620, 622, 627, 628, 630, 631, 632, 633, 634, 636, 637, 639, 643, 644, 646, 647, 648, 650, 651, 653, 654, 656, 657, 659, 665, 666, 668, 669, 671, 672, 674, 678, 679, 681, 682, 684, 685, 687], "excluded_lines": [], "start_line": 66, "executed_branches": [], "missing_branches": [[96, 97], [96, 98], [98, 99], [98, 100], [101, 102], [101, 103], [103, -94], [103, 104], [108, 109], [108, 110], [110, 111], [110, 116], [116, 117], [116, 124], [118, 119], [118, 120], [120, 121], [120, 122], [122, 116], [122, 123], [143, 144], [143, 147], [214, 215], [214, 217], [327, 328], [327, 329], [329, 330], [329, 332], [368, 369], [368, 370], [370, 371], [370, 373], [407, 408], [407, 409], [409, 410], [409, 412], [434, 435], [434, 437], [437, 438], [437, 441], [441, 442], [441, 443], [443, 444], [443, 446], [446, 447], [446, 450], [450, 451], [450, 453], [459, 460], [459, 462], [464, 465], [464, 467], [473, 474], [473, 476], [476, 477], [476, 479], [479, 480], [479, 482], [482, 483], [482, 485], [485, 486], [485, 488], [520, 521], [520, 523], [523, 524], [523, 526], [526, 527], [526, 529], [529, 530], [529, 532], [532, 533], [532, 535], [541, 542], [541, 544], [544, 545], [544, 547], [555, 556], [555, 558], [558, 559], [558, 561], [561, 562], [561, 564], [564, 565], [564, 567], [567, 568], [567, 570], [603, 604], [603, 605], [605, 606], [605, 608], [617, 618], [617, 619], [619, 620], [619, 622], [627, 628], [627, 630], [631, 632], [631, 639], [643, 644], [643, 646], [653, 654], [653, 656], [665, 666], [665, 668], [678, 679], [678, 681], [684, 685], [684, 687]]}, "": {"executed_lines": [], "summary": {"covered_lines": 0, "num_statements": 65, "percent_covered": 0.0, "percent_covered_display": "0", "missing_lines": 65, "excluded_lines": 0, "percent_statements_covered": 0.0, "percent_statements_covered_display": "0", "num_branches": 0, "num_partial_branches": 0, "covered_branches": 0, "missing_branches": 0, "percent_branches_covered": 100.0, "percent_branches_covered_display": "100"}, "missing_lines": [13, 14, 15, 17, 18, 20, 21, 22, 23, 24, 25, 27, 30, 31, 34, 35, 36, 37, 38, 39, 40, 41, 42, 43, 46, 47, 50, 51, 52, 54, 55, 56, 58, 59, 60, 62, 63, 66, 81, 94, 106, 126, 186, 187, 198, 271, 305, 350, 390, 429, 455, 469, 490, 499, 507, 516, 537, 551, 572, 598, 610, 625, 641, 661, 676], "excluded_lines": [], "start_line": 1, "executed_branches": [], "missing_branches": []}}}, "apps\\analysis_api\\src\\gravity_tech\\api\\__init__.py": {"executed_lines": [], "summary": {"covered_lines": 0, "num_statements": 0, "percent_covered": 100.0, "percent_covered_display": "100", "missing_lines": 0, "excluded_lines": 0, "percent_statements_covered": 100.0, "percent_statements_covered_display": "100", "num_branches": 0, "num_partial_branches": 0, "covered_branches": 0, "missing_branches": 0, "percent_branches_covered": 100.0, "percent_branches_covered_display": "100"}, "missing_lines": [], "excluded_lines": [], "executed_branches": [], "missing_branches": [], "functions": {"": {"executed_lines": [], "summary": {"covered_lines": 0, "num_statements": 0, "percent_covered": 100.0, "percent_covered_display": "100", "missing_lines": 0, "excluded_lines": 0, "percent_statements_covered": 100.0, "percent_statements_covered_display": "100", "num_branches": 0, "num_partial_branches": 0, "covered_branches": 0, "missing_branches": 0, "percent_branches_covered": 100.0, "percent_branches_covered_display": "100"}, "missing_lines": [], "excluded_lines": [], "start_line": 1, "executed_branches": [], "missing_branches": []}}, "classes": {"": {"executed_lines": [], "summary": {"covered_lines": 0, "num_statements": 0, "percent_covered": 100.0, "percent_covered_display": "100", "missing_lines": 0, "excluded_lines": 0, "percent_statements_covered": 100.0, "percent_statements_covered_display": "100", "num_branches": 0, "num_partial_branches": 0, "covered_branches": 0, "missing_branches": 0, "percent_branches_covered": 100.0, "percent_branches_covered_display": "100"}, "missing_lines": [], "excluded_lines": [], "start_line": 1, "executed_branches": [], "missing_branches": []}}}, "apps\\analysis_api\\src\\gravity_tech\\api\\response_formatters.py": {"executed_lines": [], "summary": {"covered_lines": 0, "num_statements": 242, "percent_covered": 0.0, "percent_covered_display": "0", "missing_lines": 242, "excluded_lines": 0, "percent_statements_covered": 0.0, "percent_statements_covered_display": "0", "num_branches": 152, "num_partial_branches": 0, "covered_branches": 0, "missing_branches": 152, "percent_branches_covered": 0.0, "percent_branches_covered_display": "0"}, "missing_lines": [14, 15, 17, 25, 37, 38, 39, 40, 41, 43, 44, 46, 47, 51, 64, 105, 111, 113, 114, 115, 116, 118, 119, 121, 122, 123, 124, 125, 126, 127, 128, 129, 130, 131, 132, 133, 134, 135, 136, 138, 139, 140, 141, 143, 145, 146, 149, 150, 151, 152, 158, 164, 165, 166, 168, 169, 170, 172, 180, 181, 182, 183, 187, 188, 190, 191, 193, 196, 210, 216, 218, 219, 220, 221, 222, 223, 224, 225, 226, 227, 228, 229, 230, 231, 232, 234, 236, 237, 240, 241, 249, 250, 251, 254, 260, 265, 266, 267, 269, 270, 271, 273, 281, 282, 283, 284, 288, 289, 291, 292, 294, 297, 312, 327, 328, 332, 333, 335, 338, 340, 341, 342, 343, 344, 345, 346, 347, 348, 349, 350, 351, 352, 354, 356, 357, 358, 359, 360, 361, 362, 363, 364, 365, 366, 367, 369, 372, 374, 375, 376, 377, 378, 379, 380, 381, 382, 383, 384, 385, 386, 388, 390, 391, 392, 393, 394, 395, 396, 397, 398, 399, 400, 401, 403, 406, 410, 411, 412, 413, 414, 415, 417, 418, 419, 420, 421, 422, 423, 424, 426, 427, 428, 430, 432, 433, 434, 435, 436, 438, 439, 440, 441, 442, 443, 444, 445, 447, 448, 449, 451, 454, 464, 466, 473, 487, 489, 495, 496, 498, 505, 506, 508, 510, 511, 512, 515, 521, 527, 528, 529, 530, 532, 533, 534, 535, 537, 538, 539, 542, 544, 545, 546], "excluded_lines": [], "executed_branches": [], "missing_branches": [[113, 114], [113, 118], [114, 115], [114, 118], [115, 114], [115, 116], [121, 122], [121, 135], [122, 123], [122, 124], [124, 125], [124, 126], [129, 130], [129, 131], [132, 121], [132, 133], [135, 136], [135, 138], [145, 146], [145, 149], [149, 150], [149, 158], [151, 149], [151, 152], [164, 165], [164, 190], [168, 169], [168, 187], [180, 181], [180, 193], [187, 188], [187, 193], [190, 191], [190, 193], [220, 221], [220, 227], [221, 222], [221, 223], [224, 220], [224, 225], [227, 228], [227, 229], [236, 237], [236, 240], [240, 241], [240, 260], [249, 240], [249, 250], [265, 266], [265, 291], [269, 270], [269, 288], [281, 282], [281, 294], [288, 289], [288, 294], [291, 292], [291, 294], [327, 328], [327, 332], [332, 333], [332, 335], [340, 341], [340, 356], [341, 342], [341, 343], [343, 344], [343, 345], [345, 346], [345, 347], [347, 348], [347, 349], [349, 350], [349, 351], [351, 352], [351, 354], [356, 357], [356, 358], [358, 359], [358, 360], [360, 361], [360, 362], [362, 363], [362, 364], [364, 365], [364, 366], [366, 367], [366, 369], [374, 375], [374, 390], [375, 376], [375, 377], [377, 378], [377, 379], [379, 380], [379, 381], [381, 382], [381, 383], [383, 384], [383, 385], [385, 386], [385, 388], [390, 391], [390, 392], [392, 393], [392, 394], [394, 395], [394, 396], [396, 397], [396, 398], [398, 399], [398, 400], [400, 401], [400, 403], [410, 411], [410, 432], [411, 412], [411, 413], [413, 414], [413, 418], [414, 415], [414, 417], [418, 419], [418, 420], [420, 421], [420, 422], [422, 423], [422, 427], [423, 424], [423, 426], [427, 428], [427, 430], [432, 433], [432, 434], [434, 435], [434, 439], [435, 436], [435, 438], [439, 440], [439, 441], [441, 442], [441, 443], [443, 444], [443, 448], [444, 445], [444, 447], [448, 449], [448, 451], [495, 496], [495, 498], [505, -1], [505, 506]], "functions": {"format_horizon_score": {"executed_lines": [], "summary": {"covered_lines": 0, "num_statements": 6, "percent_covered": 0.0, "percent_covered_display": "0", "missing_lines": 6, "excluded_lines": 0, "percent_statements_covered": 0.0, "percent_statements_covered_display": "0", "num_branches": 0, "num_partial_branches": 0, "covered_branches": 0, "missing_branches": 0, "percent_branches_covered": 100.0, "percent_branches_covered_display": "100"}, "missing_lines": [37, 43, 44, 46, 47, 51], "excluded_lines": [], "start_line": 25, "executed_branches": [], "missing_branches": []}, "format_horizon_score._safe_round": {"executed_lines": [], "summary": {"covered_lines": 0, "num_statements": 4, "percent_covered": 0.0, "percent_covered_display": "0", "missing_lines": 4, "excluded_lines": 0, "percent_statements_covered": 0.0, "percent_statements_covered_display": "0", "num_branches": 0, "num_partial_branches": 0, "covered_branches": 0, "missing_branches": 0, "percent_branches_covered": 100.0, "percent_branches_covered_display": "100"}, "missing_lines": [38, 39, 40, 41], "excluded_lines": [], "start_line": 37, "executed_branches": [], "missing_branches": []}, "format_trend_response": {"executed_lines": [], "summary": {"covered_lines": 0, "num_statements": 31, "percent_covered": 0.0, "percent_covered_display": "0", "missing_lines": 31, "excluded_lines": 0, "percent_statements_covered": 0.0, "percent_statements_covered_display": "0", "num_branches": 22, "num_partial_branches": 0, "covered_branches": 0, "missing_branches": 22, "percent_branches_covered": 0.0, "percent_branches_covered_display": "0"}, "missing_lines": [105, 111, 113, 114, 115, 116, 118, 143, 145, 146, 149, 150, 151, 152, 158, 164, 165, 166, 168, 169, 170, 172, 180, 181, 182, 183, 187, 188, 190, 191, 193], "excluded_lines": [], "start_line": 64, "executed_branches": [], "missing_branches": [[113, 114], [113, 118], [114, 115], [114, 118], [115, 114], [115, 116], [145, 146], [145, 149], [149, 150], [149, 158], [151, 149], [151, 152], [164, 165], [164, 190], [168, 169], [168, 187], [180, 181], [180, 193], [187, 188], [187, 193], [190, 191], [190, 193]]}, "format_trend_response._extract_horizons": {"executed_lines": [], "summary": {"covered_lines": 0, "num_statements": 21, "percent_covered": 0.0, "percent_covered_display": "0", "missing_lines": 21, "excluded_lines": 0, "percent_statements_covered": 0.0, "percent_statements_covered_display": "0", "num_branches": 12, "num_partial_branches": 0, "covered_branches": 0, "missing_branches": 12, "percent_branches_covered": 0.0, "percent_branches_covered_display": "0"}, "missing_lines": [119, 121, 122, 123, 124, 125, 126, 127, 128, 129, 130, 131, 132, 133, 134, 135, 136, 138, 139, 140, 141], "excluded_lines": [], "start_line": 118, "executed_branches": [], "missing_branches": [[121, 122], [121, 135], [122, 123], [122, 124], [124, 125], [124, 126], [129, 130], [129, 131], [132, 121], [132, 133], [135, 136], [135, 138]]}, "format_momentum_response": {"executed_lines": [], "summary": {"covered_lines": 0, "num_statements": 29, "percent_covered": 0.0, "percent_covered_display": "0", "missing_lines": 29, "excluded_lines": 0, "percent_statements_covered": 0.0, "percent_statements_covered_display": "0", "num_branches": 16, "num_partial_branches": 0, "covered_branches": 0, "missing_branches": 16, "percent_branches_covered": 0.0, "percent_branches_covered_display": "0"}, "missing_lines": [210, 216, 218, 234, 236, 237, 240, 241, 249, 250, 251, 254, 260, 265, 266, 267, 269, 270, 271, 273, 281, 282, 283, 284, 288, 289, 291, 292, 294], "excluded_lines": [], "start_line": 196, "executed_branches": [], "missing_branches": [[236, 237], [236, 240], [240, 241], [240, 260], [249, 240], [249, 250], [265, 266], [265, 291], [269, 270], [269, 288], [281, 282], [281, 294], [288, 289], [288, 294], [291, 292], [291, 294]]}, "format_momentum_response._extract_horizons": {"executed_lines": [], "summary": {"covered_lines": 0, "num_statements": 14, "percent_covered": 0.0, "percent_covered_display": "0", "missing_lines": 14, "excluded_lines": 0, "percent_statements_covered": 0.0, "percent_statements_covered_display": "0", "num_branches": 8, "num_partial_branches": 0, "covered_branches": 0, "missing_branches": 8, "percent_branches_covered": 0.0, "percent_branches_covered_display": "0"}, "missing_lines": [219, 220, 221, 222, 223, 224, 225, 226, 227, 228, 229, 230, 231, 232], "excluded_lines": [], "start_line": 218, "executed_branches": [], "missing_branches": [[220, 221], [220, 227], [221, 222], [221, 223], [224, 220], [224, 225], [227, 228], [227, 229]]}, "format_combined_response": {"executed_lines": [], "summary": {"covered_lines": 0, "num_statements": 6, "percent_covered": 0.0, "percent_covered_display": "0", "missing_lines": 6, "excluded_lines": 0, "percent_statements_covered": 0.0, "percent_statements_covered_display": "0", "num_branches": 4, "num_partial_branches": 0, "covered_branches": 0, "missing_branches": 4, "percent_branches_covered": 0.0, "percent_branches_covered_display": "0"}, "missing_lines": [312, 327, 328, 332, 333, 335], "excluded_lines": [], "start_line": 297, "executed_branches": [], "missing_branches": [[327, 328], [327, 332], [332, 333], [332, 335]]}, "_get_recommendation": {"executed_lines": [], "summary": {"covered_lines": 0, "num_statements": 27, "percent_covered": 0.0, "percent_covered_display": "0", "missing_lines": 27, "excluded_lines": 0, "percent_statements_covered": 0.0, "percent_statements_covered_display": "0", "num_branches": 26, "num_partial_branches": 0, "covered_branches": 0, "missing_branches": 26, "percent_branches_covered": 0.0, "percent_branches_covered_display": "0"}, "missing_lines": [340, 341, 342, 343, 344, 345, 346, 347, 348, 349, 350, 351, 352, 354, 356, 357, 358, 359, 360, 361, 362, 363, 364, 365, 366, 367, 369], "excluded_lines": [], "start_line": 338, "executed_branches": [], "missing_branches": [[340, 341], [340, 356], [341, 342], [341, 343], [343, 344], [343, 345], [345, 346], [345, 347], [347, 348], [347, 349], [349, 350], [349, 351], [351, 352], [351, 354], [356, 357], [356, 358], [358, 359], [358, 360], [360, 361], [360, 362], [362, 363], [362, 364], [364, 365], [364, 366], [366, 367], [366, 369]]}, "_get_momentum_recommendation": {"executed_lines": [], "summary": {"covered_lines": 0, "num_statements": 27, "percent_covered": 0.0, "percent_covered_display": "0", "missing_lines": 27, "excluded_lines": 0, "percent_statements_covered": 0.0, "percent_statements_covered_display": "0", "num_branches": 26, "num_partial_branches": 0, "covered_branches": 0, "missing_branches": 26, "percent_branches_covered": 0.0, "percent_branches_covered_display": "0"}, "missing_lines": [374, 375, 376, 377, 378, 379, 380, 381, 382, 383, 384, 385, 386, 388, 390, 391, 392, 393, 394, 395, 396, 397, 398, 399, 400, 401, 403], "excluded_lines": [], "start_line": 372, "executed_branches": [], "missing_branches": [[374, 375], [374, 390], [375, 376], [375, 377], [377, 378], [377, 379], [379, 380], [379, 381], [381, 382], [381, 383], [383, 384], [383, 385], [385, 386], [385, 388], [390, 391], [390, 392], [392, 393], [392, 394], [394, 395], [394, 396], [396, 397], [396, 398], [398, 399], [398, 400], [400, 401], [400, 403]]}, "_get_combined_action": {"executed_lines": [], "summary": {"covered_lines": 0, "num_statements": 35, "percent_covered": 0.0, "percent_covered_display": "0", "missing_lines": 35, "excluded_lines": 0, "percent_statements_covered": 0.0, "percent_statements_covered_display": "0", "num_branches": 34, "num_partial_branches": 0, "covered_branches": 0, "missing_branches": 34, "percent_branches_covered": 0.0, "percent_branches_covered_display": "0"}, "missing_lines": [410, 411, 412, 413, 414, 415, 417, 418, 419, 420, 421, 422, 423, 424, 426, 427, 428, 430, 432, 433, 434, 435, 436, 438, 439, 440, 441, 442, 443, 444, 445, 447, 448, 449, 451], "excluded_lines": [], "start_line": 406, "executed_branches": [], "missing_branches": [[410, 411], [410, 432], [411, 412], [411, 413], [413, 414], [413, 418], [414, 415], [414, 417], [418, 419], [418, 420], [420, 421], [420, 422], [422, 423], [422, 427], [423, 424], [423, 426], [427, 428], [427, 430], [432, 433], [432, 434], [434, 435], [434, 439], [435, 436], [435, 438], [439, 440], [439, 441], [441, 442], [441, 443], [443, 444], [443, 448], [444, 445], [444, 447], [448, 449], [448, 451]]}, "format_analysis_summary": {"executed_lines": [], "summary": {"covered_lines": 0, "num_statements": 2, "percent_covered": 0.0, "percent_covered_display": "0", "missing_lines": 2, "excluded_lines": 0, "percent_statements_covered": 0.0, "percent_statements_covered_display": "0", "num_branches": 0, "num_partial_branches": 0, "covered_branches": 0, "missing_branches": 0, "percent_branches_covered": 100.0, "percent_branches_covered_display": "100"}, "missing_lines": [464, 466], "excluded_lines": [], "start_line": 454, "executed_branches": [], "missing_branches": []}, "format_error_response": {"executed_lines": [], "summary": {"covered_lines": 0, "num_statements": 5, "percent_covered": 0.0, "percent_covered_display": "0", "missing_lines": 5, "excluded_lines": 0, "percent_statements_covered": 0.0, "percent_statements_covered_display": "0", "num_branches": 2, "num_partial_branches": 0, "covered_branches": 0, "missing_branches": 2, "percent_branches_covered": 0.0, "percent_branches_covered_display": "0"}, "missing_lines": [487, 489, 495, 496, 498], "excluded_lines": [], "start_line": 473, "executed_branches": [], "missing_branches": [[495, 496], [495, 498]]}, "": {"executed_lines": [], "summary": {"covered_lines": 0, "num_statements": 35, "percent_covered": 0.0, "percent_covered_display": "0", "missing_lines": 35, "excluded_lines": 0, "percent_statements_covered": 0.0, "percent_statements_covered_display": "0", "num_branches": 2, "num_partial_branches": 0, "covered_branches": 0, "missing_branches": 2, "percent_branches_covered": 0.0, "percent_branches_covered_display": "0"}, "missing_lines": [14, 15, 17, 25, 64, 196, 297, 338, 372, 406, 454, 473, 505, 506, 508, 510, 511, 512, 515, 521, 527, 528, 529, 530, 532, 533, 534, 535, 537, 538, 539, 542, 544, 545, 546], "excluded_lines": [], "start_line": 1, "executed_branches": [], "missing_branches": [[505, -1], [505, 506]]}}, "classes": {"": {"executed_lines": [], "summary": {"covered_lines": 0, "num_statements": 242, "percent_covered": 0.0, "percent_covered_display": "0", "missing_lines": 242, "excluded_lines": 0, "percent_statements_covered": 0.0, "percent_statements_covered_display": "0", "num_branches": 152, "num_partial_branches": 0, "covered_branches": 0, "missing_branches": 152, "percent_branches_covered": 0.0, "percent_branches_covered_display": "0"}, "missing_lines": [14, 15, 17, 25, 37, 38, 39, 40, 41, 43, 44, 46, 47, 51, 64, 105, 111, 113, 114, 115, 116, 118, 119, 121, 122, 123, 124, 125, 126, 127, 128, 129, 130, 131, 132, 133, 134, 135, 136, 138, 139, 140, 141, 143, 145, 146, 149, 150, 151, 152, 158, 164, 165, 166, 168, 169, 170, 172, 180, 181, 182, 183, 187, 188, 190, 191, 193, 196, 210, 216, 218, 219, 220, 221, 222, 223, 224, 225, 226, 227, 228, 229, 230, 231, 232, 234, 236, 237, 240, 241, 249, 250, 251, 254, 260, 265, 266, 267, 269, 270, 271, 273, 281, 282, 283, 284, 288, 289, 291, 292, 294, 297, 312, 327, 328, 332, 333, 335, 338, 340, 341, 342, 343, 344, 345, 346, 347, 348, 349, 350, 351, 352, 354, 356, 357, 358, 359, 360, 361, 362, 363, 364, 365, 366, 367, 369, 372, 374, 375, 376, 377, 378, 379, 380, 381, 382, 383, 384, 385, 386, 388, 390, 391, 392, 393, 394, 395, 396, 397, 398, 399, 400, 401, 403, 406, 410, 411, 412, 413, 414, 415, 417, 418, 419, 420, 421, 422, 423, 424, 426, 427, 428, 430, 432, 433, 434, 435, 436, 438, 439, 440, 441, 442, 443, 444, 445, 447, 448, 449, 451, 454, 464, 466, 473, 487, 489, 495, 496, 498, 505, 506, 508, 510, 511, 512, 515, 521, 527, 528, 529, 530, 532, 533, 534, 535, 537, 538, 539, 542, 544, 545, 546], "excluded_lines": [], "start_line": 1, "executed_branches": [], "missing_branches": [[113, 114], [113, 118], [114, 115], [114, 118], [115, 114], [115, 116], [121, 122], [121, 135], [122, 123], [122, 124], [124, 125], [124, 126], [129, 130], [129, 131], [132, 121], [132, 133], [135, 136], [135, 138], [145, 146], [145, 149], [149, 150], [149, 158], [151, 149], [151, 152], [164, 165], [164, 190], [168, 169], [168, 187], [180, 181], [180, 193], [187, 188], [187, 193], [190, 191], [190, 193], [220, 221], [220, 227], [221, 222], [221, 223], [224, 220], [224, 225], [227, 228], [227, 229], [236, 237], [236, 240], [240, 241], [240, 260], [249, 240], [249, 250], [265, 266], [265, 291], [269, 270], [269, 288], [281, 282], [281, 294], [288, 289], [288, 294], [291, 292], [291, 294], [327, 328], [327, 332], [332, 333], [332, 335], [340, 341], [340, 356], [341, 342], [341, 343], [343, 344], [343, 345], [345, 346], [345, 347], [347, 348], [347, 349], [349, 350], [349, 351], [351, 352], [351, 354], [356, 357], [356, 358], [358, 359], [358, 360], [360, 361], [360, 362], [362, 363], [362, 364], [364, 365], [364, 366], [366, 367], [366, 369], [374, 375], [374, 390], [375, 376], [375, 377], [377, 378], [377, 379], [379, 380], [379, 381], [381, 382], [381, 383], [383, 384], [383, 385], [385, 386], [385, 388], [390, 391], [390, 392], [392, 393], [392, 394], [394, 395], [394, 396], [396, 397], [396, 398], [398, 399], [398, 400], [400, 401], [400, 403], [410, 411], [410, 432], [411, 412], [411, 413], [413, 414], [413, 418], [414, 415], [414, 417], [418, 419], [418, 420], [420, 421], [420, 422], [422, 423], [422, 427], [423, 424], [423, 426], [427, 428], [427, 430], [432, 433], [432, 434], [434, 435], [434, 439], [435, 436], [435, 438], [439, 440], [439, 441], [441, 442], [441, 443], [443, 444], [443, 448], [444, 445], [444, 447], [448, 449], [448, 451], [495, 496], [495, 498], [505, -1], [505, 506]]}}}, "apps\\analysis_api\\src\\gravity_tech\\api\\sse_handler.py": {"executed_lines": [], "summary": {"covered_lines": 0, "num_statements": 219, "percent_covered": 0.0, "percent_covered_display": "0", "missing_lines": 219, "excluded_lines": 0, "percent_statements_covered": 0.0, "percent_statements_covered_display": "0", "num_branches": 56, "num_partial_branches": 0, "covered_branches": 0, "missing_branches": 56, "percent_branches_covered": 0.0, "percent_branches_covered_display": "0"}, "missing_lines": [16, 17, 18, 19, 20, 21, 22, 24, 25, 27, 28, 30, 33, 36, 37, 38, 39, 40, 43, 44, 46, 48, 49, 50, 51, 57, 60, 62, 64, 65, 66, 67, 68, 69, 70, 74, 76, 77, 78, 81, 82, 84, 86, 88, 89, 90, 91, 94, 96, 100, 106, 107, 109, 110, 113, 114, 115, 116, 118, 120, 121, 122, 123, 124, 126, 128, 137, 139, 142, 145, 146, 147, 148, 149, 150, 151, 153, 157, 160, 161, 163, 167, 169, 178, 180, 181, 184, 185, 188, 190, 192, 194, 198, 199, 201, 203, 205, 208, 209, 211, 214, 215, 219, 220, 222, 225, 228, 229, 232, 235, 237, 238, 239, 241, 243, 244, 246, 248, 249, 251, 252, 253, 254, 255, 256, 258, 260, 261, 262, 264, 266, 268, 271, 274, 277, 288, 299, 300, 302, 304, 305, 308, 310, 311, 312, 313, 314, 315, 318, 319, 320, 329, 330, 333, 334, 335, 337, 338, 339, 340, 342, 344, 345, 346, 348, 350, 351, 353, 354, 356, 357, 358, 359, 360, 362, 363, 365, 366, 368, 369, 371, 372, 374, 376, 378, 379, 384, 386, 387, 388, 390, 392, 395, 396, 397, 399, 402, 403, 406, 407, 408, 410, 412, 421, 423, 425, 427, 437, 440, 445, 446, 447, 448, 449, 450, 452, 453, 454, 456], "excluded_lines": [], "executed_branches": [], "missing_branches": [[43, -36], [43, 44], [64, 65], [64, 66], [66, 67], [66, 68], [68, 69], [68, 70], [76, 77], [76, 78], [81, 82], [81, 84], [88, -86], [88, 89], [90, 91], [90, 94], [106, 107], [106, 109], [109, -96], [109, 110], [114, 109], [114, 115], [120, -118], [120, 121], [160, 161], [160, 163], [184, 185], [184, 190], [208, 209], [208, 211], [214, 215], [214, 219], [219, -203], [219, 220], [228, 229], [228, 232], [251, 252], [251, 258], [308, 310], [308, 333], [333, 334], [333, 342], [350, 351], [350, 353], [356, 357], [356, 365], [358, 359], [358, 362], [368, 369], [368, 371], [395, 396], [395, 399], [446, 447], [446, 452], [453, -452], [453, 454]], "functions": {"SSEConnectionManager.__init__": {"executed_lines": [], "summary": {"covered_lines": 0, "num_statements": 6, "percent_covered": 0.0, "percent_covered_display": "0", "missing_lines": 6, "excluded_lines": 0, "percent_statements_covered": 0.0, "percent_statements_covered_display": "0", "num_branches": 2, "num_partial_branches": 0, "covered_branches": 0, "missing_branches": 2, "percent_branches_covered": 0.0, "percent_branches_covered_display": "0"}, "missing_lines": [37, 38, 39, 40, 43, 44], "excluded_lines": [], "start_line": 36, "executed_branches": [], "missing_branches": [[43, -36], [43, 44]]}, "SSEConnectionManager.connect": {"executed_lines": [], "summary": {"covered_lines": 0, "num_statements": 6, "percent_covered": 0.0, "percent_covered_display": "0", "missing_lines": 6, "excluded_lines": 0, "percent_statements_covered": 0.0, "percent_statements_covered_display": "0", "num_branches": 0, "num_partial_branches": 0, "covered_branches": 0, "missing_branches": 0, "percent_branches_covered": 100.0, "percent_branches_covered_display": "100"}, "missing_lines": [48, 49, 50, 51, 57, 60], "excluded_lines": [], "start_line": 46, "executed_branches": [], "missing_branches": []}, "SSEConnectionManager.disconnect": {"executed_lines": [], "summary": {"covered_lines": 0, "num_statem
[...]
, 21, 22, 23, 24, 25, 26, 30], "excluded_lines": [], "start_line": 1, "executed_branches": [], "missing_branches": [[11, -5], [11, 12], [13, 14], [13, 16], [17, 18], [17, 20], [21, 22], [21, 23], [23, 11], [23, 24]]}}}, "services\\data_ingestion\\src\\fetcher.py": {"executed_lines": [], "summary": {"covered_lines": 0, "num_statements": 357, "percent_covered": 0.0, "percent_covered_display": "0", "missing_lines": 357, "excluded_lines": 0, "percent_statements_covered": 0.0, "percent_statements_covered_display": "0", "num_branches": 98, "num_partial_branches": 0, "covered_branches": 0, "missing_branches": 98, "percent_branches_covered": 0.0, "percent_branches_covered_display": "0"}, "missing_lines": [1, 2, 3, 4, 6, 7, 9, 15, 16, 18, 21, 22, 25, 27, 53, 55, 56, 57, 58, 60, 61, 62, 63, 65, 66, 67, 69, 70, 71, 73, 74, 76, 78, 79, 81, 83, 84, 85, 86, 87, 88, 89, 90, 91, 93, 94, 95, 96, 97, 98, 100, 101, 102, 103, 104, 105, 107, 116, 117, 118, 120, 123, 135, 141, 144, 145, 147, 150, 151, 154, 166, 167, 170, 172, 173, 174, 175, 189, 190, 191, 192, 194, 195, 197, 198, 199, 200, 202, 203, 204, 206, 214, 215, 216, 217, 220, 224, 225, 226, 227, 228, 229, 230, 232, 233, 234, 235, 236, 237, 238, 239, 241, 242, 245, 256, 257, 259, 260, 261, 262, 263, 264, 265, 266, 269, 286, 287, 288, 289, 291, 292, 294, 295, 296, 297, 304, 305, 306, 307, 310, 313, 314, 315, 316, 317, 318, 319, 320, 321, 322, 323, 324, 325, 326, 327, 329, 332, 342, 343, 345, 346, 347, 348, 349, 361, 362, 363, 364, 366, 367, 369, 370, 371, 372, 374, 381, 382, 383, 384, 387, 388, 389, 390, 391, 392, 393, 394, 396, 397, 398, 399, 400, 414, 415, 416, 417, 419, 420, 422, 423, 427, 428, 429, 430, 431, 432, 433, 434, 435, 437, 438, 439, 441, 442, 444, 451, 452, 453, 456, 458, 460, 461, 462, 463, 464, 467, 468, 469, 470, 471, 472, 474, 476, 477, 479, 480, 483, 484, 485, 486, 489, 490, 491, 494, 497, 499, 500, 501, 502, 504, 505, 506, 507, 508, 509, 511, 512, 513, 514, 515, 516, 517, 519, 520, 521, 522, 524, 526, 527, 529, 530, 531, 533, 545, 546, 547, 549, 550, 551, 552, 554, 555, 558, 559, 560, 563, 564, 565, 569, 570, 571, 573, 581, 583, 584, 585, 587, 588, 589, 590, 591, 592, 593, 594, 596, 597, 599, 600, 601, 603, 604, 605, 606, 608, 609, 610, 611, 612, 614, 615, 618, 619, 620, 622, 623, 624, 625, 626, 627, 629, 630, 635, 637, 638, 639, 640, 641, 642, 643, 644, 645, 646, 647, 650, 651, 652, 653, 654, 655, 657, 658, 660, 661, 662, 664, 667, 668], "excluded_lines": [], "executed_branches": [], "missing_branches": [[78, 79], [78, 81], [85, 86], [85, 87], [116, 117], [116, 120], [135, 141], [135, 144], [144, 145], [144, 147], [173, 174], [173, 189], [214, 215], [214, 217], [224, 225], [224, 230], [230, 232], [230, 241], [233, 234], [233, 235], [235, 236], [235, 237], [237, 238], [237, 239], [261, 262], [261, 286], [304, 305], [304, 307], [313, 314], [313, 319], [319, 320], [319, 329], [321, 322], [321, 323], [323, 324], [323, 325], [325, 326], [325, 327], [347, 348], [347, 361], [381, 382], [381, 384], [398, 399], [398, 414], [431, 432], [431, 435], [441, 442], [441, 494], [452, 453], [452, 456], [470, 471], [470, 476], [479, 480], [479, 489], [484, 485], [484, 489], [489, 441], [489, 490], [501, 502], [501, 504], [512, 513], [512, 519], [515, 516], [515, 519], [545, -526], [545, 546], [551, 552], [551, 554], [565, 569], [565, 573], [581, 545], [581, 583], [583, 584], [583, 585], [589, 545], [589, 590], [604, -596], [604, 605], [611, 612], [611, 614], [624, 625], [624, 629], [630, 604], [630, 635], [637, 604], [637, 638], [638, 639], [638, 640], [640, 641], [640, 642], [642, 643], [642, 644], [644, 645], [644, 646], [652, 604], [652, 653], [667, -1], [667, 668]], "functions": {"DataFetcher.load_json": {"executed_lines": [], "summary": {"covered_lines": 0, "num_statements": 2, "percent_covered": 0.0, "percent_covered_display": "0", "missing_lines": 2, "excluded_lines": 0, "percent_statements_covered": 0.0, "percent_statements_covered_display": "0", "num_branches": 0, "num_partial_branches": 0, "covered_branches": 0, "missing_branches": 0, "percent_branches_covered": 100.0, "percent_branches_covered_display": "100"}, "missing_lines": [57, 58], "excluded_lines": [], "start_line": 56, "executed_branches": [], "missing_branches": []}, "DataFetcher.save_json": {"executed_lines": [], "summary": {"covered_lines": 0, "num_statements": 2, "percent_covered": 0.0, "percent_covered_display": "0", "missing_lines": 2, "excluded_lines": 0, "percent_statements_covered": 0.0, "percent_statements_covered_display": "0", "num_branches": 0, "num_partial_branches": 0, "covered_branches": 0, "missing_branches": 0, "percent_branches_covered": 100.0, "percent_branches_covered_display": "100"}, "missing_lines": [62, 63], "excluded_lines": [], "start_line": 61, "executed_branches": [], "missing_branches": []}, "DataFetcher.get_last_update": {"executed_lines": [], "summary": {"covered_lines": 0, "num_statements": 1, "percent_covered": 0.0, "percent_covered_display": "0", "missing_lines": 1, "excluded_lines": 0, "percent_statements_covered": 0.0, "percent_statements_covered_display": "0", "num_branches": 0, "num_partial_branches": 0, "covered_branches": 0, "missing_branches": 0, "percent_branches_covered": 100.0, "percent_branches_covered_display": "100"}, "missing_lines": [67], "excluded_lines": [], "start_line": 66, "executed_branches": [], "missing_branches": []}, "DataFetcher.update_last_update": {"executed_lines": [], "summary": {"covered_lines": 0, "num_statements": 1, "percent_covered": 0.0, "percent_covered_display": "0", "missing_lines": 1, "excluded_lines": 0, "percent_statements_covered": 0.0, "percent_statements_covered_display": "0", "num_branches": 0, "num_partial_branches": 0, "covered_branches": 0, "missing_branches": 0, "percent_branches_covered": 100.0, "percent_branches_covered_display": "100"}, "missing_lines": [71], "excluded_lines": [], "start_line": 70, "executed_branches": [], "missing_branches": []}, "DataFetcher.reindex_df": {"executed_lines": [], "summary": {"covered_lines": 0, "num_statements": 4, "percent_covered": 0.0, "percent_covered_display": "0", "missing_lines": 4, "excluded_lines": 0, "percent_statements_covered": 0.0, "percent_statements_covered_display": "0", "num_branches": 2, "num_partial_branches": 0, "covered_branches": 0, "missing_branches": 2, "percent_branches_covered": 0.0, "percent_branches_covered_display": "0"}, "missing_lines": [76, 78, 79, 81], "excluded_lines": [], "start_line": 74, "executed_branches": [], "missing_branches": [[78, 79], [78, 81]]}, "DataFetcher._normalize_date_value": {"executed_lines": [], "summary": {"covered_lines": 0, "num_statements": 7, "percent_covered": 0.0, "percent_covered_display": "0", "missing_lines": 7, "excluded_lines": 0, "percent_statements_covered": 0.0, "percent_statements_covered_display": "0", "num_branches": 2, "num_partial_branches": 0, "covered_branches": 0, "missing_branches": 2, "percent_branches_covered": 0.0, "percent_branches_covered_display": "0"}, "missing_lines": [85, 86, 87, 88, 89, 90, 91], "excluded_lines": [], "start_line": 84, "executed_branches": [], "missing_branches": [[85, 86], [85, 87]]}, "DataFetcher._to_float": {"executed_lines": [], "summary": {"covered_lines": 0, "num_statements": 4, "percent_covered": 0.0, "percent_covered_display": "0", "missing_lines": 4, "excluded_lines": 0, "percent_statements_covered": 0.0, "percent_statements_covered_display": "0", "num_branches": 0, "num_partial_branches": 0, "covered_branches": 0, "missing_branches": 0, "percent_branches_covered": 100.0, "percent_branches_covered_display": "100"}, "missing_lines": [95, 96, 97, 98], "excluded_lines": [], "start_line": 94, "executed_branches": [], "missing_branches": []}, "DataFetcher.fetch_company_price_history": {"executed_lines": [], "summary": {"covered_lines": 0, "num_statements": 31, "percent_covered": 0.0, "percent_covered_display": "0", "missing_lines": 31, "excluded_lines": 0, "percent_statements_covered": 0.0, "percent_statements_covered_display": "0", "num_branches": 8, "num_partial_branches": 0, "covered_branches": 0, "missing_branches": 8, "percent_branches_covered": 0.0, "percent_branches_covered_display": "0"}, "missing_lines": [102, 103, 104, 105, 107, 116, 117, 118, 120, 123, 135, 141, 144, 145, 147, 150, 151, 154, 166, 167, 170, 172, 173, 174, 175, 189, 190, 191, 192, 194, 195], "excluded_lines": [], "start_line": 101, "executed_branches": [], "missing_branches": [[116, 117], [116, 120], [135, 141], [135, 144], [144, 145], [144, 147], [173, 174], [173, 189]]}, "DataFetcher.fetch_sector_index_history": {"executed_lines": [], "summary": {"covered_lines": 0, "num_statements": 46, "percent_covered": 0.0, "percent_covered_display": "0", "missing_lines": 46, "excluded_lines": 0, "percent_statements_covered": 0.0, "percent_statements_covered_display": "0", "num_branches": 14, "num_partial_branches": 0, "covered_branches": 0, "missing_branches": 14, "percent_branches_covered": 0.0, "percent_branches_covered_display": "0"}, "missing_lines": [199, 200, 202, 203, 204, 206, 214, 215, 216, 217, 220, 224, 225, 226, 227, 228, 229, 230, 232, 233, 234, 235, 236, 237, 238, 239, 241, 242, 245, 256, 257, 259, 260, 261, 262, 263, 264, 265, 266, 269, 286, 287, 288, 289, 291, 292], "excluded_lines": [], "start_line": 198, "executed_branches": [], "missing_branches": [[214, 215], [214, 217], [224, 225], [224, 230], [230, 232], [230, 241], [233, 234], [233, 235], [235, 236], [235, 237], [237, 238], [237, 239], [261, 262], [261, 286]]}, "DataFetcher.fetch_index_history": {"executed_lines": [], "summary": {"covered_lines": 0, "num_statements": 37, "percent_covered": 0.0, "percent_covered_display": "0", "missing_lines": 37, "excluded_lines": 0, "percent_statements_covered": 0.0, "percent_statements_covered_display": "0", "num_branches": 14, "num_partial_branches": 0, "covered_branches": 0, "missing_branches": 14, "percent_branches_covered": 0.0, "percent_branches_covered_display": "0"}, "missing_lines": [296, 297, 304, 305, 306, 307, 310, 313, 314, 315, 316, 317, 318, 319, 320, 321, 322, 323, 324, 325, 326, 327, 329, 332, 342, 343, 345, 346, 347, 348, 349, 361, 362, 363, 364, 366, 367], "excluded_lines": [], "start_line": 295, "executed_branches": [], "missing_branches": [[304, 305], [304, 307], [313, 314], [313, 319], [319, 320], [319, 329], [321, 322], [321, 323], [323, 324], [323, 325], [325, 326], [325, 327], [347, 348], [347, 361]]}, "DataFetcher.fetch_usd_price_history": {"executed_lines": [], "summary": {"covered_lines": 0, "num_statements": 26, "percent_covered": 0.0, "percent_covered_display": "0", "missing_lines": 26, "excluded_lines": 0, "percent_statements_covered": 0.0, "percent_statements_covered_display": "0", "num_branches": 4, "num_partial_branches": 0, "covered_branches": 0, "missing_branches": 4, "percent_branches_covered": 0.0, "percent_branches_covered_display": "0"}, "missing_lines": [371, 372, 374, 381, 382, 383, 384, 387, 388, 389, 390, 391, 392, 393, 394, 396, 397, 398, 399, 400, 414, 415, 416, 417, 419, 420], "excluded_lines": [], "start_line": 370, "executed_branches": [], "missing_branches": [[381, 382], [381, 384], [398, 399], [398, 414]]}, "DataFetcher.fetch_all_prices_to_json": {"executed_lines": [], "summary": {"covered_lines": 0, "num_statements": 67, "percent_covered": 0.0, "percent_covered_display": "0", "missing_lines": 67, "excluded_lines": 0, "percent_statements_covered": 0.0, "percent_statements_covered_display": "0", "num_branches": 20, "num_partial_branches": 0, "covered_branches": 0, "missing_branches": 20, "percent_branches_covered": 0.0, "percent_branches_covered_display": "0"}, "missing_lines": [427, 428, 429, 430, 431, 432, 433, 434, 435, 437, 438, 439, 441, 442, 444, 451, 452, 453, 456, 458, 460, 461, 462, 463, 464, 467, 468, 469, 470, 471, 472, 474, 476, 477, 479, 480, 483, 484, 485, 486, 489, 490, 491, 494, 497, 499, 500, 501, 502, 504, 505, 506, 507, 508, 509, 511, 512, 513, 514, 515, 516, 517, 519, 520, 521, 522, 524], "excluded_lines": [], "start_line": 423, "executed_branches": [], "missing_branches": [[431, 432], [431, 435], [441, 442], [441, 494], [452, 453], [452, 456], [470, 471], [470, 476], [479, 480], [479, 489], [484, 485], [484, 489], [489, 441], [489, 490], [501, 502], [501, 504], [512, 513], [512, 519], [515, 516], [515, 519]]}, "DataFetcher.fetch_all_market_indices_to_json": {"executed_lines": [], "summary": {"covered_lines": 0, "num_statements": 35, "percent_covered": 0.0, "percent_covered_display": "0", "missing_lines": 35, "excluded_lines": 0, "percent_statements_covered": 0.0, "percent_statements_covered_display": "0", "num_branches": 12, "num_partial_branches": 0, "covered_branches": 0, "missing_branches": 12, "percent_branches_covered": 0.0, "percent_branches_covered_display": "0"}, "missing_lines": [529, 530, 531, 533, 545, 546, 547, 549, 550, 551, 552, 554, 555, 558, 559, 560, 563, 564, 565, 569, 570, 571, 573, 581, 583, 584, 585, 587, 588, 589, 590, 591, 592, 593, 594], "excluded_lines": [], "start_line": 527, "executed_branches": [], "missing_branches": [[545, -526], [545, 546], [551, 552], [551, 554], [565, 569], [565, 573], [581, 545], [581, 583], [583, 584], [583, 585], [589, 545], [589, 590]]}, "DataFetcher.fetch_all_sector_indices_to_json": {"executed_lines": [], "summary": {"covered_lines": 0, "num_statements": 43, "percent_covered": 0.0, "percent_covered_display": "0", "missing_lines": 43, "excluded_lines": 0, "percent_statements_covered": 0.0, "percent_statements_covered_display": "0", "num_branches": 20, "num_partial_branches": 0, "covered_branches": 0, "missing_branches": 20, "percent_branches_covered": 0.0, "percent_branches_covered_display": "0"}, "missing_lines": [599, 600, 601, 603, 604, 605, 606, 608, 609, 610, 611, 612, 614, 615, 618, 619, 620, 622, 623, 624, 625, 626, 627, 629, 630, 635, 637, 638, 639, 640, 641, 642, 643, 644, 645, 646, 647, 650, 651, 652, 653, 654, 655], "excluded_lines": [], "start_line": 597, "executed_branches": [], "missing_branches": [[604, -596], [604, 605], [611, 612], [611, 614], [624, 625], [624, 629], [630, 604], [630, 635], [637, 604], [637, 638], [638, 639], [638, 640], [640, 641], [640, 642], [642, 643], [642, 644], [644, 645], [644, 646], [652, 604], [652, 653]]}, "DataFetcher.run": {"executed_lines": [], "summary": {"covered_lines": 0, "num_statements": 4, "percent_covered": 0.0, "percent_covered_display": "0", "missing_lines": 4, "excluded_lines": 0, "percent_statements_covered": 0.0, "percent_statements_covered_display": "0", "num_branches": 0, "num_partial_branches": 0, "covered_branches": 0, "missing_branches": 0, "percent_branches_covered": 100.0, "percent_branches_covered_display": "100"}, "missing_lines": [660, 661, 662, 664], "excluded_lines": [], "start_line": 658, "executed_branches": [], "missing_branches": []}, "": {"executed_lines": [], "summary": {"covered_lines": 0, "num_statements": 47, "percent_covered": 0.0, "percent_covered_display": "0", "missing_lines": 47, "excluded_lines": 0, "percent_statements_covered": 0.0, "percent_statements_covered_display": "0", "num_branches": 2, "num_partial_branches": 0, "covered_branches": 0, "missing_branches": 2, "percent_branches_covered": 0.0, "percent_branches_covered_display": "0"}, "missing_lines": [1, 2, 3, 4, 6, 7, 9, 15, 16, 18, 21, 22, 25, 27, 53, 55, 56, 60, 61, 65, 66, 69, 70, 73, 74, 83, 84, 93, 94, 100, 101, 197, 198, 294, 295, 369, 370, 422, 423, 526, 527, 596, 597, 657, 658, 667, 668], "excluded_lines": [], "start_line": 1, "executed_branches": [], "missing_branches": [[667, -1], [667, 668]]}}, "classes": {"DataFetcher": {"executed_lines": [], "summary": {"covered_lines": 0, "num_statements": 310, "percent_covered": 0.0, "percent_covered_display": "0", "missing_lines": 310, "excluded_lines": 0, "percent_statements_covered": 0.0, "percent_statements_covered_display": "0", "num_branches": 96, "num_partial_branches": 0, "covered_branches": 0, "missing_branches": 96, "percent_branches_covered": 0.0, "percent_branches_covered_display": "0"}, "missing_lines": [57, 58, 62, 63, 67, 71, 76, 78, 79, 81, 85, 86, 87, 88, 89, 90, 91, 95, 96, 97, 98, 102, 103, 104, 105, 107, 116, 117, 118, 120, 123, 135, 141, 144, 145, 147, 150, 151, 154, 166, 167, 170, 172, 173, 174, 175, 189, 190, 191, 192, 194, 195, 199, 200, 202, 203, 204, 206, 214, 215, 216, 217, 220, 224, 225, 226, 227, 228, 229, 230, 232, 233, 234, 235, 236, 237, 238, 239, 241, 242, 245, 256, 257, 259, 260, 261, 262, 263, 264, 265, 266, 269, 286, 287, 288, 289, 291, 292, 296, 297, 304, 305, 306, 307, 310, 313, 314, 315, 316, 317, 318, 319, 320, 321, 322, 323, 324, 325, 326, 327, 329, 332, 342, 343, 345, 346, 347, 348, 349, 361, 362, 363, 364, 366, 367, 371, 372, 374, 381, 382, 383, 384, 387, 388, 389, 390, 391, 392, 393, 394, 396, 397, 398, 399, 400, 414, 415, 416, 417, 419, 420, 427, 428, 429, 430, 431, 432, 433, 434, 435, 437, 438, 439, 441, 442, 444, 451, 452, 453, 456, 458, 460, 461, 462, 463, 464, 467, 468, 469, 470, 471, 472, 474, 476, 477, 479, 480, 483, 484, 485, 486, 489, 490, 491, 494, 497, 499, 500, 501, 502, 504, 505, 506, 507, 508, 509, 511, 512, 513, 514, 515, 516, 517, 519, 520, 521, 522, 524, 529, 530, 531, 533, 545, 546, 547, 549, 550, 551, 552, 554, 555, 558, 559, 560, 563, 564, 565, 569, 570, 571, 573, 581, 583, 584, 585, 587, 588, 589, 590, 591, 592, 593, 594, 599, 600, 601, 603, 604, 605, 606, 608, 609, 610, 611, 612, 614, 615, 618, 619, 620, 622, 623, 624, 625, 626, 627, 629, 630, 635, 637, 638, 639, 640, 641, 642, 643, 644, 645, 646, 647, 650, 651, 652, 653, 654, 655, 660, 661, 662, 664], "excluded_lines": [], "start_line": 25, "executed_branches": [], "missing_branches": [[78, 79], [78, 81], [85, 86], [85, 87], [116, 117], [116, 120], [135, 141], [135, 144], [144, 145], [144, 147], [173, 174], [173, 189], [214, 215], [214, 217], [224, 225], [224, 230], [230, 232], [230, 241], [233, 234], [233, 235], [235, 236], [235, 237], [237, 238], [237, 239], [261, 262], [261, 286], [304, 305], [304, 307], [313, 314], [313, 319], [319, 320], [319, 329], [321, 322], [321, 323], [323, 324], [323, 325], [325, 326], [325, 327], [347, 348], [347, 361], [381, 382], [381, 384], [398, 399], [398, 414], [431, 432], [431, 435], [441, 442], [441, 494], [452, 453], [452, 456], [470, 471], [470, 476], [479, 480], [479, 489], [484, 485], [484, 489], [489, 441], [489, 490], [501, 502], [501, 504], [512, 513], [512, 519], [515, 516], [515, 519], [545, -526], [545, 546], [551, 552], [551, 554], [565, 569], [565, 573], [581, 545], [581, 583], [583, 584], [583, 585], [589, 545], [589, 590], [604, -596], [604, 605], [611, 612], [611, 614], [624, 625], [624, 629], [630, 604], [630, 635], [637, 604], [637, 638], [638, 639], [638, 640], [640, 641], [640, 642], [642, 643], [642, 644], [644, 645], [644, 646], [652, 604], [652, 653]]}, "": {"executed_lines": [], "summary": {"covered_lines": 0, "num_statements": 47, "percent_covered": 0.0, "percent_covered_display": "0", "missing_lines": 47, "excluded_lines": 0, "percent_statements_covered": 0.0, "percent_statements_covered_display": "0", "num_branches": 2, "num_partial_branches": 0, "covered_branches": 0, "missing_branches": 2, "percent_branches_covered": 0.0, "percent_branches_covered_display": "0"}, "missing_lines": [1, 2, 3, 4, 6, 7, 9, 15, 16, 18, 21, 22, 25, 27, 53, 55, 56, 60, 61, 65, 66, 69, 70, 73, 74, 83, 84, 93, 94, 100, 101, 197, 198, 294, 295, 369, 370, 422, 423, 526, 527, 596, 597, 657, 658, 667, 668], "excluded_lines": [], "start_line": 1, "executed_branches": [], "missing_branches": [[667, -1], [667, 668]]}}}}, "totals": {"covered_lines": 794, "num_statements": 8579, "percent_covered": 7.024683712288773, "percent_covered_display": "7", "missing_lines": 7785, "excluded_lines": 34, "percent_statements_covered": 9.255157943816295, "percent_statements_covered_display": "9", "num_branches": 2724, "num_partial_branches": 0, "covered_branches": 0, "missing_branches": 2724, "percent_branches_covered": 0.0, "percent_branches_covered_display": "0"}}